This is pdfTeX, Version 3.1415926-2.5-1.40.14 (TeX Live 2013/Debian) (format=pdflatex 2015.7.6)  31 AUG 2015 15:59
entering extended mode
 restricted \write18 enabled.
 %&-line parsing enabled.
**erik_aalto.tex
(./erik_aalto.tex
LaTeX2e <2011/06/27>
Babel <3.9h> and hyphenation patterns for 78 languages loaded.
(./kth-mag.cls
Document Class: kth-mag 2004/12/14 v2.1 Document Class for KTH Theses
(/usr/share/texlive/texmf-dist/tex/latex/memoir/memoir.cls
Document Class: memoir 2013/05/30 v3.7b configurable book, report, article docu
ment class
\onelineskip=\skip41
\lxvchars=\skip42
\xlvchars=\skip43
\@memcnta=\count79
\c@@memmarkcntra=\count80
(/usr/share/texlive/texmf-dist/tex/generic/oberdiek/ifpdf.sty
Package: ifpdf 2011/01/30 v2.3 Provides the ifpdf switch (HO)
Package ifpdf Info: pdfTeX in PDF mode is detected.
)
(/usr/share/texlive/texmf-dist/tex/latex/ifetex/ifetex.sty
Package: ifetex 2011/12/15 v1.2 ifetex

(/usr/share/texlive/texmf-dist/tex/plain/ifetex/ifetex.tex))
(/usr/share/texlive/texmf-dist/tex/generic/ifxetex/ifxetex.sty
Package: ifxetex 2010/09/12 v0.6 Provides ifxetex conditional
)
(/usr/share/texlive/texmf-dist/tex/generic/oberdiek/ifluatex.sty
Package: ifluatex 2010/03/01 v1.3 Provides the ifluatex switch (HO)
Package ifluatex Info: LuaTeX not detected.
)
\stockheight=\skip44
\stockwidth=\skip45
\trimtop=\skip46
\trimedge=\skip47

(/usr/share/texlive/texmf-dist/tex/latex/etex-pkg/etex.sty
Package: etex 1998/03/26 v2.0 eTeX basic definition package (PEB)
\et@xins=\count81
)
(/usr/share/texlive/texmf-dist/tex/latex/memoir/mem11.clo
File: mem11.clo 2008/01/30 v0.3 memoir class 11pt size option
)
\binding=\skip48
\spinemargin=\skip49
\foremargin=\skip50
\uppermargin=\skip51
\lowermargin=\skip52
\headdrop=\skip53
\normalrulethickness=\skip54
\mem@maxheadheight=\skip55
\mem@maxfootheight=\skip56
\headwidth=\skip57
\c@storedpagenumber=\count82
\memPD=\dimen102
\m@mabparskip=\skip58
\thanksmarkwidth=\skip59
\thanksmarksep=\skip60
\droptitle=\skip61
\c@book=\count83
\c@part=\count84
\c@chapter=\count85
\c@section=\count86
\c@subsection=\count87
\c@subsubsection=\count88
\c@paragraph=\count89
\c@subparagraph=\count90
\beforechapskip=\skip62
\midchapskip=\skip63
\afterchapskip=\skip64
\chapindent=\skip65
\bottomsectionskip=\skip66
\secindent=\skip67
\beforesecskip=\skip68
\aftersecskip=\skip69
\subsecindent=\skip70
\beforesubsecskip=\skip71
\aftersubsecskip=\skip72
\subsubsecindent=\skip73
\beforesubsubsecskip=\skip74
\aftersubsubsecskip=\skip75
\paraindent=\skip76
\beforeparaskip=\skip77
\afterparaskip=\skip78
\subparaindent=\skip79
\beforesubparaskip=\skip80
\aftersubparaskip=\skip81
\pfbreakskip=\skip82
\c@@ppsavesec=\count91
\c@@ppsaveapp=\count92
\ragrparindent=\dimen103
\everylistparindent=\dimen104
\parsepi=\skip83
\topsepi=\skip84
\itemsepi=\skip85
\parsepii=\skip86
\topsepii=\skip87
\topsepiii=\skip88
\itemsepii=\skip89
\itemsepiii=\skip90
\partopsepii=\skip91
\partopsepiii=\skip92
\m@msavetopsep=\skip93
\m@msavepartopsep=\skip94
\@enLab=\toks14
\abstitleskip=\skip95
\absleftindent=\skip96
\abs@leftindent=\dimen105
\absrightindent=\skip97
\absparindent=\skip98
\absparsep=\skip99
\c@vslineno=\count93
\c@poemline=\count94
\c@modulo@vs=\count95
\c@memfvsline=\count96
\vleftskip=\skip100
\vrightskip=\skip101
\stanzaskip=\skip102
\versewidth=\skip103
\vgap=\skip104
\vindent=\skip105
\vleftmargin=\dimen106
\c@verse=\count97
\c@chrsinstr=\count98
\beforepoemtitleskip=\skip106
\afterpoemtitleskip=\skip107
\c@poem=\count99
\beforePoemTitleskip=\skip108
\midPoemTitleskip=\skip109
\afterPoemTitleskip=\skip110
\col@sep=\dimen107
\extrarowheight=\dimen108
\NC@list=\toks15
\extratabsurround=\skip111
\backup@length=\skip112
\TX@col@width=\dimen109
\TX@old@table=\dimen110
\TX@old@col=\dimen111
\TX@target=\dimen112
\TX@delta=\dimen113
\TX@cols=\count100
\TX@ftn=\toks16
\heavyrulewidth=\dimen114
\lightrulewidth=\dimen115
\cmidrulewidth=\dimen116
\belowrulesep=\dimen117
\belowbottomsep=\dimen118
\aboverulesep=\dimen119
\abovetopsep=\dimen120
\cmidrulesep=\dimen121
\cmidrulekern=\dimen122
\defaultaddspace=\dimen123
\@cmidla=\count101
\@cmidlb=\count102
\@aboverulesep=\dimen124
\@belowrulesep=\dimen125
\@thisruleclass=\count103
\@lastruleclass=\count104
\@thisrulewidth=\dimen126
\ctableftskip=\skip113
\ctabrightskip=\skip114
\abovecolumnspenalty=\count105
\@linestogo=\count106
\@cellstogo=\count107
\@cellsincolumn=\count108
\crtok=\toks17
\@mincolumnwidth=\dimen127
\c@newflo@tctr=\count109
\mem@margin@floatbox=\box26
\@contcwidth=\skip115
\@contindw=\skip116
\abovecaptionskip=\skip117
\belowcaptionskip=\skip118
\subfloattopskip=\skip119
\subfloatcapskip=\skip120
\subfloatcaptopadj=\skip121
\subfloatbottomskip=\skip122
\subfloatlabelskip=\skip123
\subfloatcapmargin=\dimen128
\c@@contsubnum=\count110
\m@mscap@capbox=\box27
\m@mscap@fbox=\box28
\sidecapsep=\dimen129
\sidecapwidth=\dimen130
\m@m@tempdima=\dimen131
\m@mscapraise=\dimen132
\sidecapraise=\dimen133
\m@mscapmainwidth=\dimen134
\m@mscaplkern=\dimen135
\beforeepigraphskip=\skip124
\afterepigraphskip=\skip125
\epigraphwidth=\skip126
\epigraphrule=\skip127
LaTeX Info: Redefining \em on input line 7492.
LaTeX Info: Redefining \emph on input line 7500.
\tocentryskip=\skip128
\tocbaseline=\skip129
\cftparskip=\skip130
\cftbeforebookskip=\skip131
\cftbookindent=\dimen136
\cftbooknumwidth=\dimen137
\cftbeforepartskip=\skip132
\cftpartindent=\skip133
\cftpartnumwidth=\skip134
\cftbeforechapterskip=\skip135
\cftchapterindent=\skip136
\cftchapternumwidth=\skip137
\cftbeforesectionskip=\skip138
\cftsectionindent=\skip139
\cftsectionnumwidth=\skip140
\cftbeforesubsectionskip=\skip141
\cftsubsectionindent=\skip142
\cftsubsectionnumwidth=\skip143
\cftbeforesubsubsectionskip=\skip144
\cftsubsubsectionindent=\skip145
\cftsubsubsectionnumwidth=\skip146
\cftbeforeparagraphskip=\skip147
\cftparagraphindent=\skip148
\cftparagraphnumwidth=\skip149
\cftbeforesubparagraphskip=\skip150
\cftsubparagraphindent=\skip151
\cftsubparagraphnumwidth=\skip152
\prechapterprecisshift=\dimen138
\c@maxsecnumdepth=\count111
\bibindent=\dimen139
\bibitemsep=\skip153
\indexcolsep=\skip154
\indexrule=\skip155
\indexmarkstyle=\toks18
\@indexbox=\insert233
\glossarycolsep=\dimen140
\glossaryrule=\dimen141
\sideparvshift=\skip156
\sideins=\insert232
\sidebartopsep=\skip157
\sidebarhsep=\skip158
\sidebarvsep=\skip159
\sidebarwidth=\skip160
\footmarkwidth=\skip161
\footmarksep=\skip162
\footparindent=\skip163
\footinsdim=\skip164
\footinsv@r=\insert231
\@mpfootinsv@r=\insert230
\m@m@k=\count112
\m@m@h=\dimen142
\m@mipn@skip=\skip165
\sidefootins=\insert229
\sidefootadjust=\skip166
\sidefootheight=\skip167
\sidefoothsep=\skip168
\sidefootvsep=\skip169
\sidefootwidth=\skip170
\m@mdownsf=\skip171
\c@sidefootnote=\count113
\sidefootmarkwidth=\skip172
\sidefootmarksep=\skip173
\sidefootparindent=\skip174
\c@pagenote=\count114
\c@pagenoteshadow=\count115
\mem@pn@lastkern=\skip175
\every@verbatim=\toks19
\afterevery@verbatim=\toks20
\verbatim@line=\toks21
\tab@position=\count116
\verbatim@in@stream=\read1
\verbatimindent=\skip176
\verbatim@out=\write3
\bvboxsep=\skip177
\c@memfbvline=\count117
\c@bvlinectr=\count118
\bvnumlength=\skip178
\fb@frw=\dimen143
\fb@frh=\dimen144
\FrameRule=\dimen145
\FrameSep=\dimen146
\c@cp@cntr=\count119
LaTeX Info: Redefining \: on input line 11958.
LaTeX Info: Redefining \! on input line 11960.
\c@ism@mctr=\count120
\c@xsm@mctr=\count121
\c@csm@mctr=\count122
\c@ksm@mctr=\count123
\c@xksm@mctr=\count124
\c@cksm@mctr=\count125
\c@msm@mctr=\count126
\c@xmsm@mctr=\count127
\c@cmsm@mctr=\count128
\c@bsm@mctr=\count129
\c@workm@mctr=\count130
\c@sheetsequence=\count131
\c@lastsheet=\count132
\c@lastpage=\count133
\c@figure=\count134
\c@lofdepth=\count135
\cftbeforefigureskip=\skip179
\cftfigureindent=\skip180
\cftfigurenumwidth=\skip181
\c@table=\count136
\c@lotdepth=\count137
\cftbeforetableskip=\skip182
\cfttableindent=\skip183
\cfttablenumwidth=\skip184
Package abstract [2008/07/23] emulated by memoir.
Package appendix [2008/07/23] emulated by memoir.
Package array [2008/09/09] emulated by memoir.
Package booktabs [2008/07/23] emulated by memoir.
Package ccaption [2008/07/23] emulated by memoir.
Package changepage [2008/07/23] emulated by memoir.
Package chngcntr [2008/07/23] emulated by memoir.
Package chngpage [2008/07/23] emulated by memoir.
Package crop emulated by memoir.
Package dcolumn [2008/07/23] emulated by memoir.
Package delarray [2008/07/23] emulated by memoir.
Package enumerate [2008/07/23] emulated by memoir.
Package epigraph [2008/07/23] emulated by memoir.
Package ifmtarg [2008/07/23] emulated by memoir.
Package index [2008/07/23] emulated by memoir.
Package makeidx [2008/07/23] emulated by memoir.
Package moreverb [2008/07/23] emulated by memoir.
Package mparhack [2008/07/23] emulated by memoir.
Package needspace [2008/07/23] emulated by memoir.
Package newfile [2008/07/23] emulated by memoir.
Package nextpage [2008/07/23] emulated by memoir.
Package pagenote [2008/07/23] emulated by memoir.
Package parskip [2008/07/23] emulated by memoir.
Package patchcmd [2008/07/23] emulated by memoir.
Package setspace [2008/07/23] emulated by memoir.
Package shortvrb [2008/07/23] emulated by memoir.
Package showidx [2008/07/23] emulated by memoir.
Package tabularx [2008/07/23] emulated by memoir.
Package titleref [2008/07/23] emulated by memoir.
Package titling [2008/07/23] emulated by memoir.
Package tocbibind [2008/07/23] emulated by memoir.
Package tocloft [2008/07/23] emulated by memoir.
Package tocvsec2 [2008/07/23] emulated by memoir.
Package verbatim [2008/07/23] emulated by memoir.
Package verse [2008/07/23] emulated by memoir.

(/usr/share/texlive/texmf-dist/tex/latex/memoir/mempatch.sty
Package: mempatch 2009/07/24 v6.0f Patches for memoir class v1.6180339
))

******************************************************
Stock height and width: 845.04684pt by 597.50787pt
Top and edge trims: 0pt and 0pt
Page height and width: 845.04684pt by 597.50787pt
Text height and width: 595.80026pt by 396pt
Spine and edge margins: 100.75394pt and 100.75394pt
Upper and lower margins: 128.52342pt and 120.72316pt
Headheight and headsep: 13.6pt and 19.8738pt
Footskip: 27.46295pt
Columnsep and columnseprule: 10pt and 0pt
Marginparsep and marginparwidth: 7pt and 86.75394pt
Sidecapsep and sidecapwidth: 7pt and 101pt
Sidebarhsep and sidebarwidth: 7pt and 101pt
Sidebarvsep and sidebartopsep: 13.6pt and 0pt
Sidebarheight: 594.32022pt
Sidefoothsep and sidefootwidth: 7pt and 101pt
Sidefootvsep and sidefootheight: 13.6pt and 594.32022pt
******************************************************

) (/usr/share/texlive/texmf-dist/tex/latex/base/fontenc.sty
Package: fontenc 2005/09/27 v1.99g Standard LaTeX package

(/usr/share/texlive/texmf-dist/tex/latex/base/t1enc.def
File: t1enc.def 2005/09/27 v1.99g Standard LaTeX file
LaTeX Font Info:    Redeclaring font encoding T1 on input line 43.
))
(/usr/share/texlive/texmf-dist/tex/latex/base/textcomp.sty
Package: textcomp 2005/09/27 v1.99g Standard LaTeX package
Package textcomp Info: Sub-encoding information:
(textcomp)               5 = only ISO-Adobe without \textcurrency
(textcomp)               4 = 5 + \texteuro
(textcomp)               3 = 4 + \textohm
(textcomp)               2 = 3 + \textestimated + \textcurrency
(textcomp)               1 = TS1 - \textcircled - \t
(textcomp)               0 = TS1 (full)
(textcomp)             Font families with sub-encoding setting implement
(textcomp)             only a restricted character set as indicated.
(textcomp)             Family '?' is the default used for unknown fonts.
(textcomp)             See the documentation for details.
Package textcomp Info: Setting ? sub-encoding to TS1/1 on input line 71.

(/usr/share/texlive/texmf-dist/tex/latex/base/ts1enc.def
File: ts1enc.def 2001/06/05 v3.0e (jk/car/fm) Standard LaTeX file
)
LaTeX Info: Redefining \oldstylenums on input line 266.
Package textcomp Info: Setting cmr sub-encoding to TS1/0 on input line 281.
Package textcomp Info: Setting cmss sub-encoding to TS1/0 on input line 282.
Package textcomp Info: Setting cmtt sub-encoding to TS1/0 on input line 283.
Package textcomp Info: Setting cmvtt sub-encoding to TS1/0 on input line 284.
Package textcomp Info: Setting cmbr sub-encoding to TS1/0 on input line 285.
Package textcomp Info: Setting cmtl sub-encoding to TS1/0 on input line 286.
Package textcomp Info: Setting ccr sub-encoding to TS1/0 on input line 287.
Package textcomp Info: Setting ptm sub-encoding to TS1/4 on input line 288.
Package textcomp Info: Setting pcr sub-encoding to TS1/4 on input line 289.
Package textcomp Info: Setting phv sub-encoding to TS1/4 on input line 290.
Package textcomp Info: Setting ppl sub-encoding to TS1/3 on input line 291.
Package textcomp Info: Setting pag sub-encoding to TS1/4 on input line 292.
Package textcomp Info: Setting pbk sub-encoding to TS1/4 on input line 293.
Package textcomp Info: Setting pnc sub-encoding to TS1/4 on input line 294.
Package textcomp Info: Setting pzc sub-encoding to TS1/4 on input line 295.
Package textcomp Info: Setting bch sub-encoding to TS1/4 on input line 296.
Package textcomp Info: Setting put sub-encoding to TS1/5 on input line 297.
Package textcomp Info: Setting uag sub-encoding to TS1/5 on input line 298.
Package textcomp Info: Setting ugq sub-encoding to TS1/5 on input line 299.
Package textcomp Info: Setting ul8 sub-encoding to TS1/4 on input line 300.
Package textcomp Info: Setting ul9 sub-encoding to TS1/4 on input line 301.
Package textcomp Info: Setting augie sub-encoding to TS1/5 on input line 302.
Package textcomp Info: Setting dayrom sub-encoding to TS1/3 on input line 303.
Package textcomp Info: Setting dayroms sub-encoding to TS1/3 on input line 304.

Package textcomp Info: Setting pxr sub-encoding to TS1/0 on input line 305.
Package textcomp Info: Setting pxss sub-encoding to TS1/0 on input line 306.
Package textcomp Info: Setting pxtt sub-encoding to TS1/0 on input line 307.
Package textcomp Info: Setting txr sub-encoding to TS1/0 on input line 308.
Package textcomp Info: Setting txss sub-encoding to TS1/0 on input line 309.
Package textcomp Info: Setting txtt sub-encoding to TS1/0 on input line 310.
Package textcomp Info: Setting lmr sub-encoding to TS1/0 on input line 311.
Package textcomp Info: Setting lmdh sub-encoding to TS1/0 on input line 312.
Package textcomp Info: Setting lmss sub-encoding to TS1/0 on input line 313.
Package textcomp Info: Setting lmssq sub-encoding to TS1/0 on input line 314.
Package textcomp Info: Setting lmvtt sub-encoding to TS1/0 on input line 315.
Package textcomp Info: Setting qhv sub-encoding to TS1/0 on input line 316.
Package textcomp Info: Setting qag sub-encoding to TS1/0 on input line 317.
Package textcomp Info: Setting qbk sub-encoding to TS1/0 on input line 318.
Package textcomp Info: Setting qcr sub-encoding to TS1/0 on input line 319.
Package textcomp Info: Setting qcs sub-encoding to TS1/0 on input line 320.
Package textcomp Info: Setting qpl sub-encoding to TS1/0 on input line 321.
Package textcomp Info: Setting qtm sub-encoding to TS1/0 on input line 322.
Package textcomp Info: Setting qzc sub-encoding to TS1/0 on input line 323.
Package textcomp Info: Setting qhvc sub-encoding to TS1/0 on input line 324.
Package textcomp Info: Setting futs sub-encoding to TS1/4 on input line 325.
Package textcomp Info: Setting futx sub-encoding to TS1/4 on input line 326.
Package textcomp Info: Setting futj sub-encoding to TS1/4 on input line 327.
Package textcomp Info: Setting hlh sub-encoding to TS1/3 on input line 328.
Package textcomp Info: Setting hls sub-encoding to TS1/3 on input line 329.
Package textcomp Info: Setting hlst sub-encoding to TS1/3 on input line 330.
Package textcomp Info: Setting hlct sub-encoding to TS1/5 on input line 331.
Package textcomp Info: Setting hlx sub-encoding to TS1/5 on input line 332.
Package textcomp Info: Setting hlce sub-encoding to TS1/5 on input line 333.
Package textcomp Info: Setting hlcn sub-encoding to TS1/5 on input line 334.
Package textcomp Info: Setting hlcw sub-encoding to TS1/5 on input line 335.
Package textcomp Info: Setting hlcf sub-encoding to TS1/5 on input line 336.
Package textcomp Info: Setting pplx sub-encoding to TS1/3 on input line 337.
Package textcomp Info: Setting pplj sub-encoding to TS1/3 on input line 338.
Package textcomp Info: Setting ptmx sub-encoding to TS1/4 on input line 339.
Package textcomp Info: Setting ptmj sub-encoding to TS1/4 on input line 340.
)
(/usr/share/texmf/tex/latex/lm/lmodern.sty
Package: lmodern 2009/10/30 v1.6 Latin Modern Fonts
LaTeX Font Info:    Overwriting symbol font `operators' in version `normal'
(Font)                  OT1/cmr/m/n --> OT1/lmr/m/n on input line 22.
LaTeX Font Info:    Overwriting symbol font `letters' in version `normal'
(Font)                  OML/cmm/m/it --> OML/lmm/m/it on input line 23.
LaTeX Font Info:    Overwriting symbol font `symbols' in version `normal'
(Font)                  OMS/cmsy/m/n --> OMS/lmsy/m/n on input line 24.
LaTeX Font Info:    Overwriting symbol font `largesymbols' in version `normal'
(Font)                  OMX/cmex/m/n --> OMX/lmex/m/n on input line 25.
LaTeX Font Info:    Overwriting symbol font `operators' in version `bold'
(Font)                  OT1/cmr/bx/n --> OT1/lmr/bx/n on input line 26.
LaTeX Font Info:    Overwriting symbol font `letters' in version `bold'
(Font)                  OML/cmm/b/it --> OML/lmm/b/it on input line 27.
LaTeX Font Info:    Overwriting symbol font `symbols' in version `bold'
(Font)                  OMS/cmsy/b/n --> OMS/lmsy/b/n on input line 28.
LaTeX Font Info:    Overwriting symbol font `largesymbols' in version `bold'
(Font)                  OMX/cmex/m/n --> OMX/lmex/m/n on input line 29.
LaTeX Font Info:    Overwriting math alphabet `\mathbf' in version `normal'
(Font)                  OT1/cmr/bx/n --> OT1/lmr/bx/n on input line 31.
LaTeX Font Info:    Overwriting math alphabet `\mathsf' in version `normal'
(Font)                  OT1/cmss/m/n --> OT1/lmss/m/n on input line 32.
LaTeX Font Info:    Overwriting math alphabet `\mathit' in version `normal'
(Font)                  OT1/cmr/m/it --> OT1/lmr/m/it on input line 33.
LaTeX Font Info:    Overwriting math alphabet `\mathtt' in version `normal'
(Font)                  OT1/cmtt/m/n --> OT1/lmtt/m/n on input line 34.
LaTeX Font Info:    Overwriting math alphabet `\mathbf' in version `bold'
(Font)                  OT1/cmr/bx/n --> OT1/lmr/bx/n on input line 35.
LaTeX Font Info:    Overwriting math alphabet `\mathsf' in version `bold'
(Font)                  OT1/cmss/bx/n --> OT1/lmss/bx/n on input line 36.
LaTeX Font Info:    Overwriting math alphabet `\mathit' in version `bold'
(Font)                  OT1/cmr/bx/it --> OT1/lmr/bx/it on input line 37.
LaTeX Font Info:    Overwriting math alphabet `\mathtt' in version `bold'
(Font)                  OT1/cmtt/m/n --> OT1/lmtt/m/n on input line 38.
)
(/usr/share/texlive/texmf-dist/tex/latex/base/inputenc.sty
Package: inputenc 2008/03/30 v1.1d Input encoding file
\inpenc@prehook=\toks22
\inpenc@posthook=\toks23

(/usr/share/texlive/texmf-dist/tex/latex/base/latin1.def
File: latin1.def 2008/03/30 v1.1d Input encoding file
))
(/usr/share/texlive/texmf-dist/tex/generic/babel/babel.sty
Package: babel 2013/12/03 3.9h The Babel package

(/usr/share/texlive/texmf-dist/tex/generic/babel-swedish/swedish.ldf
Language: swedish 2005/03/31 v2.3d Swedish support from the babel system

(/usr/share/texlive/texmf-dist/tex/generic/babel/babel.def
File: babel.def 2013/12/03 3.9h Babel common definitions
\babel@savecnt=\count138
\U@D=\dimen147
)
Package babel Info: Making " an active character on input line 90.
)
(/usr/share/texlive/texmf-dist/tex/generic/babel-english/english.ldf
Language: english 2012/08/20 v3.3p English support from the babel system
\l@canadian = a dialect from \language\l@american 
\l@australian = a dialect from \language\l@british 
\l@newzealand = a dialect from \language\l@british 
))
(./modifications.sty
Package: modifications 2005/10/21
) (/usr/share/texlive/texmf-dist/tex/latex/url/url.sty
\Urlmuskip=\muskip10
Package: url 2013/09/16  ver 3.4  Verb mode for urls, etc.
)
(/usr/share/texlive/texmf-dist/tex/latex/csquotes/csquotes.sty
Package: csquotes 2011/10/22 v5.1d context-sensitive quotations

(/usr/share/texlive/texmf-dist/tex/latex/etoolbox/etoolbox.sty
Package: etoolbox 2011/01/03 v2.1 e-TeX tools for LaTeX
\etb@tempcnta=\count139
)
(/usr/share/texlive/texmf-dist/tex/latex/graphics/keyval.sty
Package: keyval 1999/03/16 v1.13 key=value parser (DPC)
\KV@toks@=\toks24
)
\csq@reset=\count140
\csq@gtype=\count141
\csq@glevel=\count142
\csq@qlevel=\count143
\csq@maxlvl=\count144
\csq@tshold=\count145
\csq@ltx@everypar=\toks25

(/usr/share/texlive/texmf-dist/tex/latex/csquotes/csquotes.def
File: csquotes.def 2011/10/22 v5.1d csquotes generic definitions
)
Package csquotes Info: Trying to load configuration file 'csquotes.cfg'...
Package csquotes Info: ... configuration file loaded successfully.

(/usr/share/texlive/texmf-dist/tex/latex/csquotes/csquotes.cfg
File: csquotes.cfg 
))
(/usr/share/texlive/texmf-dist/tex/latex/graphics/graphicx.sty
Package: graphicx 1999/02/16 v1.0f Enhanced LaTeX Graphics (DPC,SPQR)

(/usr/share/texlive/texmf-dist/tex/latex/graphics/graphics.sty
Package: graphics 2009/02/05 v1.0o Standard LaTeX Graphics (DPC,SPQR)

(/usr/share/texlive/texmf-dist/tex/latex/graphics/trig.sty
Package: trig 1999/03/16 v1.09 sin cos tan (DPC)
)
(/usr/share/texlive/texmf-dist/tex/latex/latexconfig/graphics.cfg
File: graphics.cfg 2010/04/23 v1.9 graphics configuration of TeX Live
)
Package graphics Info: Driver file: pdftex.def on input line 91.

(/usr/share/texlive/texmf-dist/tex/latex/pdftex-def/pdftex.def
File: pdftex.def 2011/05/27 v0.06d Graphics/color for pdfTeX

(/usr/share/texlive/texmf-dist/tex/generic/oberdiek/infwarerr.sty
Package: infwarerr 2010/04/08 v1.3 Providing info/warning/error messages (HO)
)
(/usr/share/texlive/texmf-dist/tex/generic/oberdiek/ltxcmds.sty
Package: ltxcmds 2011/11/09 v1.22 LaTeX kernel commands for general use (HO)
)
\Gread@gobject=\count146
))
\Gin@req@height=\dimen148
\Gin@req@width=\dimen149
)
(/usr/share/texlive/texmf-dist/tex/latex/oberdiek/resizegather.sty
Package: resizegather 2010/03/01 v1.2 Resize overly large equations (HO)

(/usr/share/texlive/texmf-dist/tex/latex/oberdiek/kvoptions.sty
Package: kvoptions 2011/06/30 v3.11 Key value format for package options (HO)

(/usr/share/texlive/texmf-dist/tex/generic/oberdiek/kvsetkeys.sty
Package: kvsetkeys 2012/04/25 v1.16 Key value parser (HO)

(/usr/share/texlive/texmf-dist/tex/generic/oberdiek/etexcmds.sty
Package: etexcmds 2011/02/16 v1.5 Avoid name clashes with e-TeX commands (HO)
Package etexcmds Info: Could not find \expanded.
(etexcmds)             That can mean that you are not using pdfTeX 1.50 or
(etexcmds)             that some package has redefined \expanded.
(etexcmds)             In the latter case, load this package earlier.
)))
(/usr/share/texlive/texmf-dist/tex/latex/amsmath/amsmath.sty
Package: amsmath 2013/01/14 v2.14 AMS math features
\@mathmargin=\skip185

For additional information on amsmath, use the `?' option.
(/usr/share/texlive/texmf-dist/tex/latex/amsmath/amstext.sty
Package: amstext 2000/06/29 v2.01

(/usr/share/texlive/texmf-dist/tex/latex/amsmath/amsgen.sty
File: amsgen.sty 1999/11/30 v2.0
\@emptytoks=\toks26
\ex@=\dimen150
))
(/usr/share/texlive/texmf-dist/tex/latex/amsmath/amsbsy.sty
Package: amsbsy 1999/11/29 v1.2d
\pmbraise@=\dimen151
)
(/usr/share/texlive/texmf-dist/tex/latex/amsmath/amsopn.sty
Package: amsopn 1999/12/14 v2.01 operator names
)
\inf@bad=\count147
LaTeX Info: Redefining \frac on input line 210.
\uproot@=\count148
\leftroot@=\count149
LaTeX Info: Redefining \overline on input line 306.
\classnum@=\count150
\DOTSCASE@=\count151
LaTeX Info: Redefining \ldots on input line 378.
LaTeX Info: Redefining \dots on input line 381.
LaTeX Info: Redefining \cdots on input line 466.
\Mathstrutbox@=\box29
\strutbox@=\box30
\big@size=\dimen152
LaTeX Font Info:    Redeclaring font encoding OML on input line 566.
LaTeX Font Info:    Redeclaring font encoding OMS on input line 567.
\macc@depth=\count152
\c@MaxMatrixCols=\count153
\dotsspace@=\muskip11
\c@parentequation=\count154
\dspbrk@lvl=\count155
\tag@help=\toks27
\row@=\count156
\column@=\count157
\maxfields@=\count158
\andhelp@=\toks28
\eqnshift@=\dimen153
\alignsep@=\dimen154
\tagshift@=\dimen155
\tagwidth@=\dimen156
\totwidth@=\dimen157
\lineht@=\dimen158
\@envbody=\toks29
\multlinegap=\skip186
\multlinetaggap=\skip187
\mathdisplay@stack=\toks30
LaTeX Info: Redefining \[ on input line 2665.
LaTeX Info: Redefining \] on input line 2666.
))
(/usr/share/texlive/texmf-dist/tex/latex/todonotes/todonotes.sty
Package: todonotes 2012/07/25 .dtx Todonotes source and documentation.
Package: todonotes 2012/07/25

(/usr/share/texlive/texmf-dist/tex/latex/base/ifthen.sty
Package: ifthen 2001/05/26 v1.1c Standard LaTeX ifthen package (DPC)
)
(/usr/share/texlive/texmf-dist/tex/latex/xkeyval/xkeyval.sty
Package: xkeyval 2012/10/14 v2.6b package option processing (HA)

(/usr/share/texlive/texmf-dist/tex/generic/xkeyval/xkeyval.tex
\XKV@toks=\toks31
\XKV@tempa@toks=\toks32
\XKV@depth=\count159
File: xkeyval.tex 2012/10/14 v2.6b key=value parser (HA)
))
(/usr/share/texmf/tex/latex/xcolor/xcolor.sty
Package: xcolor 2007/01/21 v2.11 LaTeX color extensions (UK)

(/usr/share/texlive/texmf-dist/tex/latex/latexconfig/color.cfg
File: color.cfg 2007/01/18 v1.5 color configuration of teTeX/TeXLive
)
Package xcolor Info: Driver file: pdftex.def on input line 225.
Package xcolor Info: Model `cmy' substituted by `cmy0' on input line 1337.
Package xcolor Info: Model `hsb' substituted by `rgb' on input line 1341.
Package xcolor Info: Model `RGB' extended on input line 1353.
Package xcolor Info: Model `HTML' substituted by `rgb' on input line 1355.
Package xcolor Info: Model `Hsb' substituted by `hsb' on input line 1356.
Package xcolor Info: Model `tHsb' substituted by `hsb' on input line 1357.
Package xcolor Info: Model `HSB' substituted by `hsb' on input line 1358.
Package xcolor Info: Model `Gray' substituted by `gray' on input line 1359.
Package xcolor Info: Model `wave' substituted by `hsb' on input line 1360.
)
(/usr/share/texmf/tex/latex/pgf/frontendlayer/tikz.sty
(/usr/share/texmf/tex/latex/pgf/basiclayer/pgf.sty
(/usr/share/texmf/tex/latex/pgf/utilities/pgfrcs.sty
(/usr/share/texmf/tex/generic/pgf/utilities/pgfutil-common.tex
\pgfutil@everybye=\toks33
)
(/usr/share/texmf/tex/generic/pgf/utilities/pgfutil-latex.def
\pgfutil@abb=\box31

(/usr/share/texlive/texmf-dist/tex/latex/ms/everyshi.sty
Package: everyshi 2001/05/15 v3.00 EveryShipout Package (MS)
))
(/usr/share/texmf/tex/generic/pgf/utilities/pgfrcs.code.tex
Package: pgfrcs 2010/10/25 v2.10 (rcs-revision 1.24)
))
Package: pgf 2008/01/15 v2.10 (rcs-revision 1.12)

(/usr/share/texmf/tex/latex/pgf/basiclayer/pgfcore.sty
(/usr/share/texmf/tex/latex/pgf/systemlayer/pgfsys.sty
(/usr/share/texmf/tex/generic/pgf/systemlayer/pgfsys.code.tex
Package: pgfsys 2010/06/30 v2.10 (rcs-revision 1.37)

(/usr/share/texmf/tex/generic/pgf/utilities/pgfkeys.code.tex
\pgfkeys@pathtoks=\toks34
\pgfkeys@temptoks=\toks35

(/usr/share/texmf/tex/generic/pgf/utilities/pgfkeysfiltered.code.tex
\pgfkeys@tmptoks=\toks36
))
\pgf@x=\dimen159
\pgf@y=\dimen160
\pgf@xa=\dimen161
\pgf@ya=\dimen162
\pgf@xb=\dimen163
\pgf@yb=\dimen164
\pgf@xc=\dimen165
\pgf@yc=\dimen166
\w@pgf@writea=\write4
\r@pgf@reada=\read2
\c@pgf@counta=\count160
\c@pgf@countb=\count161
\c@pgf@countc=\count162
\c@pgf@countd=\count163

(/usr/share/texmf/tex/generic/pgf/systemlayer/pgf.cfg
File: pgf.cfg 2008/05/14  (rcs-revision 1.7)
)
Package pgfsys Info: Driver file for pgf: pgfsys-pdftex.def on input line 900.

(/usr/share/texmf/tex/generic/pgf/systemlayer/pgfsys-pdftex.def
File: pgfsys-pdftex.def 2009/05/22  (rcs-revision 1.26)

(/usr/share/texmf/tex/generic/pgf/systemlayer/pgfsys-common-pdf.def
File: pgfsys-common-pdf.def 2008/05/19  (rcs-revision 1.10)
)))
(/usr/share/texmf/tex/generic/pgf/systemlayer/pgfsyssoftpath.code.tex
File: pgfsyssoftpath.code.tex 2008/07/18  (rcs-revision 1.7)
\pgfsyssoftpath@smallbuffer@items=\count164
\pgfsyssoftpath@bigbuffer@items=\count165
)
(/usr/share/texmf/tex/generic/pgf/systemlayer/pgfsysprotocol.code.tex
File: pgfsysprotocol.code.tex 2006/10/16  (rcs-revision 1.4)
))
(/usr/share/texmf/tex/generic/pgf/basiclayer/pgfcore.code.tex
Package: pgfcore 2010/04/11 v2.10 (rcs-revision 1.7)

(/usr/share/texmf/tex/generic/pgf/math/pgfmath.code.tex
(/usr/share/texmf/tex/generic/pgf/math/pgfmathcalc.code.tex
(/usr/share/texmf/tex/generic/pgf/math/pgfmathutil.code.tex)
(/usr/share/texmf/tex/generic/pgf/math/pgfmathparser.code.tex
\pgfmath@dimen=\dimen167
\pgfmath@count=\count166
\pgfmath@box=\box32
\pgfmath@toks=\toks37
\pgfmath@stack@operand=\toks38
\pgfmath@stack@operation=\toks39
)
(/usr/share/texmf/tex/generic/pgf/math/pgfmathfunctions.code.tex
(/usr/share/texmf/tex/generic/pgf/math/pgfmathfunctions.basic.code.tex)
(/usr/share/texmf/tex/generic/pgf/math/pgfmathfunctions.trigonometric.code.tex)
(/usr/share/texmf/tex/generic/pgf/math/pgfmathfunctions.random.code.tex)
(/usr/share/texmf/tex/generic/pgf/math/pgfmathfunctions.comparison.code.tex)
(/usr/share/texmf/tex/generic/pgf/math/pgfmathfunctions.base.code.tex)
(/usr/share/texmf/tex/generic/pgf/math/pgfmathfunctions.round.code.tex)
(/usr/share/texmf/tex/generic/pgf/math/pgfmathfunctions.misc.code.tex)))
(/usr/share/texmf/tex/generic/pgf/math/pgfmathfloat.code.tex
\c@pgfmathroundto@lastzeros=\count167
))
(/usr/share/texmf/tex/generic/pgf/basiclayer/pgfcorepoints.code.tex
File: pgfcorepoints.code.tex 2010/04/09  (rcs-revision 1.20)
\pgf@picminx=\dimen168
\pgf@picmaxx=\dimen169
\pgf@picminy=\dimen170
\pgf@picmaxy=\dimen171
\pgf@pathminx=\dimen172
\pgf@pathmaxx=\dimen173
\pgf@pathminy=\dimen174
\pgf@pathmaxy=\dimen175
\pgf@xx=\dimen176
\pgf@xy=\dimen177
\pgf@yx=\dimen178
\pgf@yy=\dimen179
\pgf@zx=\dimen180
\pgf@zy=\dimen181
)
(/usr/share/texmf/tex/generic/pgf/basiclayer/pgfcorepathconstruct.code.tex
File: pgfcorepathconstruct.code.tex 2010/08/03  (rcs-revision 1.24)
\pgf@path@lastx=\dimen182
\pgf@path@lasty=\dimen183
)
(/usr/share/texmf/tex/generic/pgf/basiclayer/pgfcorepathusage.code.tex
File: pgfcorepathusage.code.tex 2008/04/22  (rcs-revision 1.12)
\pgf@shorten@end@additional=\dimen184
\pgf@shorten@start@additional=\dimen185
)
(/usr/share/texmf/tex/generic/pgf/basiclayer/pgfcorescopes.code.tex
File: pgfcorescopes.code.tex 2010/09/08  (rcs-revision 1.34)
\pgfpic=\box33
\pgf@hbox=\box34
\pgf@layerbox@main=\box35
\pgf@picture@serial@count=\count168
)
(/usr/share/texmf/tex/generic/pgf/basiclayer/pgfcoregraphicstate.code.tex
File: pgfcoregraphicstate.code.tex 2008/04/22  (rcs-revision 1.9)
\pgflinewidth=\dimen186
)
(/usr/share/texmf/tex/generic/pgf/basiclayer/pgfcoretransformations.code.tex
File: pgfcoretransformations.code.tex 2009/06/10  (rcs-revision 1.11)
\pgf@pt@x=\dimen187
\pgf@pt@y=\dimen188
\pgf@pt@temp=\dimen189
)
(/usr/share/texmf/tex/generic/pgf/basiclayer/pgfcorequick.code.tex
File: pgfcorequick.code.tex 2008/10/09  (rcs-revision 1.3)
)
(/usr/share/texmf/tex/generic/pgf/basiclayer/pgfcoreobjects.code.tex
File: pgfcoreobjects.code.tex 2006/10/11  (rcs-revision 1.2)
)
(/usr/share/texmf/tex/generic/pgf/basiclayer/pgfcorepathprocessing.code.tex
File: pgfcorepathprocessing.code.tex 2008/10/09  (rcs-revision 1.8)
)
(/usr/share/texmf/tex/generic/pgf/basiclayer/pgfcorearrows.code.tex
File: pgfcorearrows.code.tex 2008/04/23  (rcs-revision 1.11)
)
(/usr/share/texmf/tex/generic/pgf/basiclayer/pgfcoreshade.code.tex
File: pgfcoreshade.code.tex 2008/11/23  (rcs-revision 1.13)
\pgf@max=\dimen190
\pgf@sys@shading@range@num=\count169
)
(/usr/share/texmf/tex/generic/pgf/basiclayer/pgfcoreimage.code.tex
File: pgfcoreimage.code.tex 2010/03/25  (rcs-revision 1.16)

(/usr/share/texmf/tex/generic/pgf/basiclayer/pgfcoreexternal.code.tex
File: pgfcoreexternal.code.tex 2010/09/01  (rcs-revision 1.17)
\pgfexternal@startupbox=\box36
))
(/usr/share/texmf/tex/generic/pgf/basiclayer/pgfcorelayers.code.tex
File: pgfcorelayers.code.tex 2010/08/27  (rcs-revision 1.2)
)
(/usr/share/texmf/tex/generic/pgf/basiclayer/pgfcoretransparency.code.tex
File: pgfcoretransparency.code.tex 2008/01/17  (rcs-revision 1.2)
)
(/usr/share/texmf/tex/generic/pgf/basiclayer/pgfcorepatterns.code.tex
File: pgfcorepatterns.code.tex 2009/07/02  (rcs-revision 1.3)
)))
(/usr/share/texmf/tex/generic/pgf/modules/pgfmoduleshapes.code.tex
File: pgfmoduleshapes.code.tex 2010/09/09  (rcs-revision 1.13)
\pgfnodeparttextbox=\box37
)
(/usr/share/texmf/tex/generic/pgf/modules/pgfmoduleplot.code.tex
File: pgfmoduleplot.code.tex 2010/10/22  (rcs-revision 1.8)
)
(/usr/share/texmf/tex/latex/pgf/compatibility/pgfcomp-version-0-65.sty
Package: pgfcomp-version-0-65 2007/07/03 v2.10 (rcs-revision 1.7)
\pgf@nodesepstart=\dimen191
\pgf@nodesepend=\dimen192
)
(/usr/share/texmf/tex/latex/pgf/compatibility/pgfcomp-version-1-18.sty
Package: pgfcomp-version-1-18 2007/07/23 v2.10 (rcs-revision 1.1)
))
(/usr/share/texmf/tex/latex/pgf/utilities/pgffor.sty
(/usr/share/texmf/tex/latex/pgf/utilities/pgfkeys.sty
(/usr/share/texmf/tex/generic/pgf/utilities/pgfkeys.code.tex))
(/usr/share/texmf/tex/generic/pgf/utilities/pgffor.code.tex
Package: pgffor 2010/03/23 v2.10 (rcs-revision 1.18)
\pgffor@iter=\dimen193
\pgffor@skip=\dimen194
\pgffor@stack=\toks40
\pgffor@toks=\toks41
))
(/usr/share/texmf/tex/generic/pgf/frontendlayer/tikz/tikz.code.tex
Package: tikz 2010/10/13 v2.10 (rcs-revision 1.76)

(/usr/share/texmf/tex/generic/pgf/libraries/pgflibraryplothandlers.code.tex
File: pgflibraryplothandlers.code.tex 2010/05/31 v2.10 (rcs-revision 1.15)
\pgf@plot@mark@count=\count170
\pgfplotmarksize=\dimen195
)
\tikz@lastx=\dimen196
\tikz@lasty=\dimen197
\tikz@lastxsaved=\dimen198
\tikz@lastysaved=\dimen199
\tikzleveldistance=\dimen200
\tikzsiblingdistance=\dimen201
\tikz@figbox=\box38
\tikz@tempbox=\box39
\tikztreelevel=\count171
\tikznumberofchildren=\count172
\tikznumberofcurrentchild=\count173
\tikz@fig@count=\count174

(/usr/share/texmf/tex/generic/pgf/modules/pgfmodulematrix.code.tex
File: pgfmodulematrix.code.tex 2010/08/24  (rcs-revision 1.4)
\pgfmatrixcurrentrow=\count175
\pgfmatrixcurrentcolumn=\count176
\pgf@matrix@numberofcolumns=\count177
)
\tikz@expandcount=\count178

(/usr/share/texmf/tex/generic/pgf/frontendlayer/tikz/libraries/tikzlibrarytopat
hs.code.tex
File: tikzlibrarytopaths.code.tex 2008/06/17 v2.10 (rcs-revision 1.2)
)))
(/usr/share/texmf/tex/generic/pgf/frontendlayer/tikz/libraries/tikzlibraryposit
ioning.code.tex
File: tikzlibrarypositioning.code.tex 2008/10/06 v2.10 (rcs-revision 1.7)
) (/usr/share/texlive/texmf-dist/tex/latex/tools/calc.sty
Package: calc 2007/08/22 v4.3 Infix arithmetic (KKT,FJ)
\calc@Acount=\count179
\calc@Bcount=\count180
\calc@Adimen=\dimen202
\calc@Bdimen=\dimen203
\calc@Askip=\skip188
\calc@Bskip=\skip189
LaTeX Info: Redefining \setlength on input line 76.
LaTeX Info: Redefining \addtolength on input line 77.
\calc@Ccount=\count181
\calc@Cskip=\skip190
)
\c@@todonotes@numberoftodonotes=\count182
)
Package csquotes Info: Checking for multilingual support...
Package csquotes Info: ... found 'babel' package.
Package csquotes Info: Adjusting default style.
Package csquotes Info: Redefining alias 'default' -> 'english'.

(./erik_aalto.aux)
\openout1 = `erik_aalto.aux'.

LaTeX Font Info:    Checking defaults for OML/cmm/m/it on input line 19.
LaTeX Font Info:    ... okay on input line 19.
LaTeX Font Info:    Checking defaults for T1/cmr/m/n on input line 19.
LaTeX Font Info:    ... okay on input line 19.
LaTeX Font Info:    Checking defaults for OT1/cmr/m/n on input line 19.
LaTeX Font Info:    ... okay on input line 19.
LaTeX Font Info:    Checking defaults for OMS/cmsy/m/n on input line 19.
LaTeX Font Info:    ... okay on input line 19.
LaTeX Font Info:    Checking defaults for OMX/cmex/m/n on input line 19.
LaTeX Font Info:    ... okay on input line 19.
LaTeX Font Info:    Checking defaults for U/cmr/m/n on input line 19.
LaTeX Font Info:    ... okay on input line 19.
LaTeX Font Info:    Checking defaults for TS1/cmr/m/n on input line 19.
LaTeX Font Info:    Try loading font information for TS1+cmr on input line 19.
 (/usr/share/texlive/texmf-dist/tex/latex/base/ts1cmr.fd
File: ts1cmr.fd 1999/05/25 v2.5h Standard LaTeX font definitions
)
LaTeX Font Info:    ... okay on input line 19.
LaTeX Font Info:    Try loading font information for T1+lmr on input line 19.

(/usr/share/texmf/tex/latex/lm/t1lmr.fd
File: t1lmr.fd 2009/10/30 v1.6 Font defs for Latin Modern
)
(/usr/share/texlive/texmf-dist/tex/context/base/supp-pdf.mkii
[Loading MPS to PDF converter (version 2006.09.02).]
\scratchcounter=\count183
\scratchdimen=\dimen204
\scratchbox=\box40
\nofMPsegments=\count184
\nofMParguments=\count185
\everyMPshowfont=\toks42
\MPscratchCnt=\count186
\MPscratchDim=\dimen205
\MPnumerator=\count187
\makeMPintoPDFobject=\count188
\everyMPtoPDFconversion=\toks43
) (/usr/share/texlive/texmf-dist/tex/generic/oberdiek/pdftexcmds.sty
Package: pdftexcmds 2011/11/29 v0.20 Utility functions of pdfTeX for LuaTeX (HO
)
Package pdftexcmds Info: LuaTeX not detected.
Package pdftexcmds Info: \pdf@primitive is available.
Package pdftexcmds Info: \pdf@ifprimitive is available.
Package pdftexcmds Info: \pdfdraftmode found.
)
(/usr/share/texlive/texmf-dist/tex/latex/oberdiek/epstopdf-base.sty
Package: epstopdf-base 2010/02/09 v2.5 Base part for package epstopdf

(/usr/share/texlive/texmf-dist/tex/latex/oberdiek/grfext.sty
Package: grfext 2010/08/19 v1.1 Manage graphics extensions (HO)

(/usr/share/texlive/texmf-dist/tex/generic/oberdiek/kvdefinekeys.sty
Package: kvdefinekeys 2011/04/07 v1.3 Define keys (HO)
))
Package grfext Info: Graphics extension search list:
(grfext)             [.png,.pdf,.jpg,.mps,.jpeg,.jbig2,.jb2,.PNG,.PDF,.JPG,.JPE
G,.JBIG2,.JB2,.eps]
(grfext)             \AppendGraphicsExtensions on input line 452.

(/usr/share/texlive/texmf-dist/tex/latex/latexconfig/epstopdf-sys.cfg
File: epstopdf-sys.cfg 2010/07/13 v1.3 Configuration of (r)epstopdf for TeX Liv
e
))
ABD: EveryShipout initializing macros
LaTeX Font Info:    Try loading font information for T1+lmss on input line 23.
 (/usr/share/texmf/tex/latex/lm/t1lmss.fd
File: t1lmss.fd 2009/10/30 v1.6 Font defs for Latin Modern
) <kth_svv_comp_science_comm.pdf, id=4, 410.53375pt x 468.75125pt>
File: kth_svv_comp_science_comm.pdf Graphic file (type pdf)

<use kth_svv_comp_science_comm.pdf>
Package pdftex.def Info: kth_svv_comp_science_comm.pdf used on input line 23.
(pdftex.def)             Requested size: 410.53275pt x 468.75009pt.
 [1


{/var/lib/texmf/fonts/map/pdftex/updmap/pdftex.map} <./kth_svv_comp_science_com
m.pdf>] [2

]
LaTeX Font Info:    Try loading font information for OT1+lmr on input line 25.

(/usr/share/texmf/tex/latex/lm/ot1lmr.fd
File: ot1lmr.fd 2009/10/30 v1.6 Font defs for Latin Modern
)
LaTeX Font Info:    Try loading font information for OML+lmm on input line 25.

(/usr/share/texmf/tex/latex/lm/omllmm.fd
File: omllmm.fd 2009/10/30 v1.6 Font defs for Latin Modern
)
LaTeX Font Info:    Try loading font information for OMS+lmsy on input line 25.


(/usr/share/texmf/tex/latex/lm/omslmsy.fd
File: omslmsy.fd 2009/10/30 v1.6 Font defs for Latin Modern
)
LaTeX Font Info:    Try loading font information for OMX+lmex on input line 25.


(/usr/share/texmf/tex/latex/lm/omxlmex.fd
File: omxlmex.fd 2009/10/30 v1.6 Font defs for Latin Modern
)
LaTeX Font Info:    External font `lmex10' loaded for size
(Font)              <10.95> on input line 25.
LaTeX Font Info:    External font `lmex10' loaded for size
(Font)              <8> on input line 25.
LaTeX Font Info:    External font `lmex10' loaded for size
(Font)              <6> on input line 25.
 [3]
LaTeX Font Info:    External font `lmex10' loaded for size
(Font)              <10> on input line 31.
LaTeX Font Info:    External font `lmex10' loaded for size
(Font)              <7> on input line 31.
LaTeX Font Info:    External font `lmex10' loaded for size
(Font)              <5> on input line 31.

Overfull \hbox (0.58696pt too wide) in paragraph at lines 32--33
\T1/lmr/m/n/10 Spotify är värl-dens le-dan-de ser-vice för mu-sik-strea-ming. S
om
 []

[4

]
Overfull \hbox (4.57065pt too wide) in paragraph at lines 37--39
\T1/lmr/m/n/10 ing my su-per-vi-sors Carl Hen-rik Ek and Boxun Zhang. Thank
 []

[5

] (./erik_aalto.toc [6

]) [7] [8

] [1

] [2] [3] [4

]
<images/colFiltMat.png, id=55, 621.32124pt x 270.00874pt>
File: images/colFiltMat.png Graphic file (type png)

<use images/colFiltMat.png>
Package pdftex.def Info: images/colFiltMat.png used on input line 74.
(pdftex.def)             Requested size: 372.79562pt x 162.00648pt.
 [5]
Underfull \vbox (badness 10000) has occurred while \output is active []

 [6 <./images/colFiltMat.png>] [7] [8] [9]
<images/UGM.png, id=83, 496.85625pt x 232.87pt>
File: images/UGM.png Graphic file (type png)
 <use images/UGM.png>
Package pdftex.def Info: images/UGM.png used on input line 143.
(pdftex.def)             Requested size: 198.0pt x 92.80167pt.
 [10]
<images/DGM.png, id=87, 516.93124pt x 237.88875pt>
File: images/DGM.png Graphic file (type png)
 <use images/DGM.png>
Package pdftex.def Info: images/DGM.png used on input line 153.
(pdftex.def)             Requested size: 198.0pt x 91.11737pt.

[11 <./images/UGM.png> <./images/DGM.png>] [12] [13] [14

] [15] [16] [17]
<images/pca.png, id=113, 963.6pt x 542.025pt>
File: images/pca.png Graphic file (type png)
 <use images/pca.png>
Package pdftex.def Info: images/pca.png used on input line 228.
(pdftex.def)             Requested size: 388.07831pt x 218.29486pt.
 [18 <./images/pca.png (PNG copy)>]
Underfull \hbox (badness 10000) in paragraph at lines 237--238

 []

LaTeX Font Info:    Try loading font information for TS1+lmr on input line 248.

(/usr/share/texmf/tex/latex/lm/ts1lmr.fd
File: ts1lmr.fd 2009/10/30 v1.6 Font defs for Latin Modern
) [19

] [20]
<images/0removedPlistFeaturePlot.png, id=124, 597.23125pt x 586.19pt>
File: images/0removedPlistFeaturePlot.png Graphic file (type png)

<use images/0removedPlistFeaturePlot.png>
Package pdftex.def Info: images/0removedPlistFeaturePlot.png used on input line
 270.
(pdftex.def)             Requested size: 356.39758pt x 349.81152pt.

Underfull \vbox (badness 10000) has occurred while \output is active []

 [21]
[22 <./images/0removedPlistFeaturePlot.png>] [23]
Overfull \hbox (1.60625pt too wide) in paragraph at lines 302--303
\T1/lmr/m/n/10.95 Another ap-proach for track can-di-date se-lec-tion would be 
to use the sub-space method,
 []

<images/subspaceIllustrationBW0.png, id=136, 685.56125pt x 662.475pt>
File: images/subspaceIllustrationBW0.png Graphic file (type png)

<use images/subspaceIllustrationBW0.png>
Package pdftex.def Info: images/subspaceIllustrationBW0.png used on input line 
307.
(pdftex.def)             Requested size: 356.39758pt x 344.40811pt.
 [24] [25 <./images/subspaceIllustrationBW0.png>] [26] <images/sum.png, id=147,
 741.77126pt x 729.72626pt>
File: images/sum.png Graphic file (type png)

<use images/sum.png>
Package pdftex.def Info: images/sum.png used on input line 331.
(pdftex.def)             Requested size: 368.2771pt x 362.30125pt.
 <images/absSum.png, id=148, 741.77126pt x 729.72626pt>
File: images/absSum.png Graphic file (type png)

<use images/absSum.png>
Package pdftex.def Info: images/absSum.png used on input line 339.
(pdftex.def)             Requested size: 368.2771pt x 362.30125pt.
 <images/sumAbs.png, id=149, 741.77126pt x 729.72626pt>
File: images/sumAbs.png Graphic file (type png)

<use images/sumAbs.png>
Package pdftex.def Info: images/sumAbs.png used on input line 347.
(pdftex.def)             Requested size: 368.2771pt x 362.30125pt.

Underfull \vbox (badness 10000) has occurred while \output is active []

 [27 <./images/sum.png>] [28 <./images/absSum.png>] [29 <./images/sumAbs.png>]
<images/pcaNormalize.png, id=164, 963.6pt x 542.025pt>
File: images/pcaNormalize.png Graphic file (type png)

<use images/pcaNormalize.png>
Package pdftex.def Info: images/pcaNormalize.png used on input line 361.
(pdftex.def)             Requested size: 388.07831pt x 218.29486pt.
 [30]
<images/LSH.png, id=168, 521.95pt x 455.7025pt>
File: images/LSH.png Graphic file (type png)
 <use images/LSH.png>
Package pdftex.def Info: images/LSH.png used on input line 376.
(pdftex.def)             Requested size: 260.97435pt x 227.85068pt.
 [31 <./images/pcaNormalize.png>] [32 <./images/LSH.png (PNG copy)>] [33] [34

]
<images/sumAbsAgglHierClust-better.png, id=182, 741.77126pt x 729.72626pt>
File: images/sumAbsAgglHierClust-better.png Graphic file (type png)

<use images/sumAbsAgglHierClust-better.png>
Package pdftex.def Info: images/sumAbsAgglHierClust-better.png used on input li
ne 393.
(pdftex.def)             Requested size: 368.2771pt x 362.30125pt.

Underfull \vbox (badness 10000) has occurred while \output is active []

 [35]
Underfull \vbox (badness 10000) has occurred while \output is active []

 [36 <./images/sumAbsAgglHierClust-better.png>]
<images/boxplots/ggplot/no_jitter/model/p10_0outlierRmvd.png, id=191, 2454.1687
5pt x 2061.7025pt>
File: images/boxplots/ggplot/no_jitter/model/p10_0outlierRmvd.png Graphic file 
(type png)

<use images/boxplots/ggplot/no_jitter/model/p10_0outlierRmvd.png>
Package pdftex.def Info: images/boxplots/ggplot/no_jitter/model/p10_0outlierRmv
d.png used on input line 410.
(pdftex.def)             Requested size: 217.80121pt x 182.96558pt.

<images/boxplots/ggplot/no_jitter/random/p10_0outlierRmvd.png, id=192, 1868.982
5pt x 2019.545pt>
File: images/boxplots/ggplot/no_jitter/random/p10_0outlierRmvd.png Graphic file
 (type png)

<use images/boxplots/ggplot/no_jitter/random/p10_0outlierRmvd.png>
Package pdftex.def Info: images/boxplots/ggplot/no_jitter/random/p10_0outlierRm
vd.png used on input line 411.
(pdftex.def)             Requested size: 170.2771pt x 183.96994pt.

<images/boxplots/ggplot/no_jitter/model/p20_0outlierRmvd.png, id=193, 2454.1687
5pt x 2061.7025pt>
File: images/boxplots/ggplot/no_jitter/model/p20_0outlierRmvd.png Graphic file 
(type png)

<use images/boxplots/ggplot/no_jitter/model/p20_0outlierRmvd.png>
Package pdftex.def Info: images/boxplots/ggplot/no_jitter/model/p20_0outlierRmv
d.png used on input line 421.
(pdftex.def)             Requested size: 217.80121pt x 182.96558pt.

<images/boxplots/ggplot/no_jitter/random/p20_0outlierRmvd.png, id=194, 1868.982
5pt x 2019.545pt>
File: images/boxplots/ggplot/no_jitter/random/p20_0outlierRmvd.png Graphic file
 (type png)

<use images/boxplots/ggplot/no_jitter/random/p20_0outlierRmvd.png>
Package pdftex.def Info: images/boxplots/ggplot/no_jitter/random/p20_0outlierRm
vd.png used on input line 422.
(pdftex.def)             Requested size: 170.2771pt x 183.96994pt.

<images/boxplots/ggplot/no_jitter/model/p30_0outlierRmvd.png, id=195, 2454.1687
5pt x 2061.7025pt>
File: images/boxplots/ggplot/no_jitter/model/p30_0outlierRmvd.png Graphic file 
(type png)

<use images/boxplots/ggplot/no_jitter/model/p30_0outlierRmvd.png>
Package pdftex.def Info: images/boxplots/ggplot/no_jitter/model/p30_0outlierRmv
d.png used on input line 431.
(pdftex.def)             Requested size: 217.80121pt x 182.96558pt.

<images/boxplots/ggplot/no_jitter/random/p30_0outlierRmvd.png, id=196, 1868.982
5pt x 2019.545pt>
File: images/boxplots/ggplot/no_jitter/random/p30_0outlierRmvd.png Graphic file
 (type png)

<use images/boxplots/ggplot/no_jitter/random/p30_0outlierRmvd.png>
Package pdftex.def Info: images/boxplots/ggplot/no_jitter/random/p30_0outlierRm
vd.png used on input line 432.
(pdftex.def)             Requested size: 170.2771pt x 183.96994pt.

<images/boxplots/ggplot/p10_0outlierRmvd.png, id=197, 2454.16875pt x 2061.7025p
t>
File: images/boxplots/ggplot/p10_0outlierRmvd.png Graphic file (type png)
 <use images/boxplots/ggplot/p10_0outlierRmvd.png>
Package pdftex.def Info: images/boxplots/ggplot/p10_0outlierRmvd.png used on in
put line 443.
(pdftex.def)             Requested size: 217.80121pt x 182.96558pt.

<images/boxplots/ggplot/p20_0outlierRmvd.png, id=198, 2454.16875pt x 2061.7025p
t>
File: images/boxplots/ggplot/p20_0outlierRmvd.png Graphic file (type png)
 <use images/boxplots/ggplot/p20_0outlierRmvd.png>
Package pdftex.def Info: images/boxplots/ggplot/p20_0outlierRmvd.png used on in
put line 452.
(pdftex.def)             Requested size: 217.80121pt x 182.96558pt.

<images/boxplots/ggplot/p30_0outlierRmvd.png, id=199, 2454.16875pt x 2061.7025p
t>
File: images/boxplots/ggplot/p30_0outlierRmvd.png Graphic file (type png)
 <use images/boxplots/ggplot/p30_0outlierRmvd.png>
Package pdftex.def Info: images/boxplots/ggplot/p30_0outlierRmvd.png used on in
put line 460.
(pdftex.def)             Requested size: 217.80121pt x 182.96558pt.

<images/boxplots/ggplot/p10_1outlierRmvd.png, id=200, 2454.16875pt x 2061.7025p
t>
File: images/boxplots/ggplot/p10_1outlierRmvd.png Graphic file (type png)
 <use images/boxplots/ggplot/p10_1outlierRmvd.png>
Package pdftex.def Info: images/boxplots/ggplot/p10_1outlierRmvd.png used on in
put line 469.
(pdftex.def)             Requested size: 217.80121pt x 182.96558pt.

<images/boxplots/ggplot/p20_1outlierRmvd.png, id=201, 2454.16875pt x 2061.7025p
t>
File: images/boxplots/ggplot/p20_1outlierRmvd.png Graphic file (type png)
 <use images/boxplots/ggplot/p20_1outlierRmvd.png>
Package pdftex.def Info: images/boxplots/ggplot/p20_1outlierRmvd.png used on in
put line 476.
(pdftex.def)             Requested size: 217.80121pt x 182.96558pt.

<images/boxplots/ggplot/p30_1outlierRmvd.png, id=202, 2454.16875pt x 2061.7025p
t>
File: images/boxplots/ggplot/p30_1outlierRmvd.png Graphic file (type png)
 <use images/boxplots/ggplot/p30_1outlierRmvd.png>
Package pdftex.def Info: images/boxplots/ggplot/p30_1outlierRmvd.png used on in
put line 483.
(pdftex.def)             Requested size: 217.80121pt x 182.96558pt.
 [37 <./images/boxplots/ggplot/no_jitter/model/p10_0outlierRmvd.png> <./images/
boxplots/ggplot/no_jitter/random/p10_0outlierRmvd.png>] [38 <./images/boxplots/
ggplot/no_jitter/model/p20_0outlierRmvd.png> <./images/boxplots/ggplot/no_jitte
r/random/p20_0outlierRmvd.png> <./images/boxplots/ggplot/no_jitter/model/p30_0o
utlierRmvd.png> <./images/boxplots/ggplot/no_jitter/random/p30_0outlierRmvd.png
>] [39 <./images/boxplots/ggplot/p10_0outlierRmvd.png> <./images/boxplots/ggplo
t/p20_0outlierRmvd.png>]
[40 <./images/boxplots/ggplot/p30_0outlierRmvd.png> <./images/boxplots/ggplot/p
10_1outlierRmvd.png>] [41 <./images/boxplots/ggplot/p20_1outlierRmvd.png> <./im
ages/boxplots/ggplot/p30_1outlierRmvd.png>]
<images/confRanks/confRankPlot1.png, id=232, 481.8pt x 481.8pt>
File: images/confRanks/confRankPlot1.png Graphic file (type png)

<use images/confRanks/confRankPlot1.png>
Package pdftex.def Info: images/confRanks/confRankPlot1.png used on input line 
498.
(pdftex.def)             Requested size: 194.04218pt x 194.03987pt.

<images/confRanks/confRankCumSum1.png, id=233, 2454.16875pt x 2061.7025pt>
File: images/confRanks/confRankCumSum1.png Graphic file (type png)

<use images/confRanks/confRankCumSum1.png>
Package pdftex.def Info: images/confRanks/confRankCumSum1.png used on input lin
e 499.
(pdftex.def)             Requested size: 194.04218pt x 162.9891pt.

<images/confRanks/confRankPlot3.png, id=234, 481.8pt x 481.8pt>
File: images/confRanks/confRankPlot3.png Graphic file (type png)

<use images/confRanks/confRankPlot3.png>
Package pdftex.def Info: images/confRanks/confRankPlot3.png used on input line 
507.
(pdftex.def)             Requested size: 194.04218pt x 194.03987pt.

<images/confRanks/confRankCumSum3.png, id=235, 2454.16875pt x 2061.7025pt>
File: images/confRanks/confRankCumSum3.png Graphic file (type png)

<use images/confRanks/confRankCumSum3.png>
Package pdftex.def Info: images/confRanks/confRankCumSum3.png used on input lin
e 508.
(pdftex.def)             Requested size: 194.04218pt x 162.9891pt.

<images/confRanks/confRankPlot5.png, id=236, 481.8pt x 481.8pt>
File: images/confRanks/confRankPlot5.png Graphic file (type png)

<use images/confRanks/confRankPlot5.png>
Package pdftex.def Info: images/confRanks/confRankPlot5.png used on input line 
516.
(pdftex.def)             Requested size: 194.04218pt x 194.03987pt.

<images/confRanks/confRankCumSum5.png, id=237, 2454.16875pt x 2061.7025pt>
File: images/confRanks/confRankCumSum5.png Graphic file (type png)

<use images/confRanks/confRankCumSum5.png>
Package pdftex.def Info: images/confRanks/confRankCumSum5.png used on input lin
e 517.
(pdftex.def)             Requested size: 194.04218pt x 162.9891pt.

<images/confRanks/confRankPlot10.png, id=238, 481.8pt x 481.8pt>
File: images/confRanks/confRankPlot10.png Graphic file (type png)

<use images/confRanks/confRankPlot10.png>
Package pdftex.def Info: images/confRanks/confRankPlot10.png used on input line
 525.
(pdftex.def)             Requested size: 194.04218pt x 194.03987pt.

<images/confRanks/confRankCumSum10.png, id=239, 2454.16875pt x 2061.7025pt>
File: images/confRanks/confRankCumSum10.png Graphic file (type png)

<use images/confRanks/confRankCumSum10.png>
Package pdftex.def Info: images/confRanks/confRankCumSum10.png used on input li
ne 526.
(pdftex.def)             Requested size: 194.04218pt x 162.9891pt.

<images/confRanks/confRankPlot20.png, id=240, 481.8pt x 481.8pt>
File: images/confRanks/confRankPlot20.png Graphic file (type png)

<use images/confRanks/confRankPlot20.png>
Package pdftex.def Info: images/confRanks/confRankPlot20.png used on input line
 534.
(pdftex.def)             Requested size: 194.04218pt x 194.03987pt.

<images/confRanks/confRankCumSum20.png, id=241, 2454.16875pt x 2061.7025pt>
File: images/confRanks/confRankCumSum20.png Graphic file (type png)

<use images/confRanks/confRankCumSum20.png>
Package pdftex.def Info: images/confRanks/confRankCumSum20.png used on input li
ne 535.
(pdftex.def)             Requested size: 194.04218pt x 162.9891pt.

<images/confRanks/confRankPlot30.png, id=242, 481.8pt x 481.8pt>
File: images/confRanks/confRankPlot30.png Graphic file (type png)

<use images/confRanks/confRankPlot30.png>
Package pdftex.def Info: images/confRanks/confRankPlot30.png used on input line
 544.
(pdftex.def)             Requested size: 194.04218pt x 194.03987pt.

<images/confRanks/confRankCumSum30.png, id=243, 2454.16875pt x 2061.7025pt>
File: images/confRanks/confRankCumSum30.png Graphic file (type png)

<use images/confRanks/confRankCumSum30.png>
Package pdftex.def Info: images/confRanks/confRankCumSum30.png used on input li
ne 545.
(pdftex.def)             Requested size: 194.04218pt x 162.9891pt.

<images/confRanks/confRankPlot50.png, id=244, 481.8pt x 481.8pt>
File: images/confRanks/confRankPlot50.png Graphic file (type png)

<use images/confRanks/confRankPlot50.png>
Package pdftex.def Info: images/confRanks/confRankPlot50.png used on input line
 554.
(pdftex.def)             Requested size: 194.04218pt x 194.03987pt.

<images/confRanks/confRankCumSum50.png, id=245, 2454.16875pt x 2061.7025pt>
File: images/confRanks/confRankCumSum50.png Graphic file (type png)

<use images/confRanks/confRankCumSum50.png>
Package pdftex.def Info: images/confRanks/confRankCumSum50.png used on input li
ne 555.
(pdftex.def)             Requested size: 194.04218pt x 162.9891pt.
 [42] [43 <./images/confRanks/confRankPlot1.png> <./images/confRanks/confRankCu
mSum1.png> <./images/confRanks/confRankPlot3.png> <./images/confRanks/confRankC
umSum3.png>] [44 <./images/confRanks/confRankPlot5.png> <./images/confRanks/con
fRankCumSum5.png> <./images/confRanks/confRankPlot10.png> <./images/confRanks/c
onfRankCumSum10.png>] [45 <./images/confRanks/confRankPlot20.png> <./images/con
fRanks/confRankCumSum20.png> <./images/confRanks/confRankPlot30.png> <./images/
confRanks/confRankCumSum30.png>]
<images/qvalEvals/hiphop_1_5.png, id=270, 481.8pt x 481.8pt>
File: images/qvalEvals/hiphop_1_5.png Graphic file (type png)

<use images/qvalEvals/hiphop_1_5.png>
Package pdftex.def Info: images/qvalEvals/hiphop_1_5.png used on input line 572
.
(pdftex.def)             Requested size: 194.04218pt x 194.03987pt.

<images/qvalEvals/hiphop_1_10.png, id=271, 481.8pt x 481.8pt>
File: images/qvalEvals/hiphop_1_10.png Graphic file (type png)

<use images/qvalEvals/hiphop_1_10.png>
Package pdftex.def Info: images/qvalEvals/hiphop_1_10.png used on input line 57
3.
(pdftex.def)             Requested size: 194.04218pt x 194.03987pt.

<images/qvalEvals/rock_1_5.png, id=272, 481.8pt x 481.8pt>
File: images/qvalEvals/rock_1_5.png Graphic file (type png)

<use images/qvalEvals/rock_1_5.png>
Package pdftex.def Info: images/qvalEvals/rock_1_5.png used on input line 582.
(pdftex.def)             Requested size: 194.04218pt x 194.03987pt.

<images/qvalEvals/rock_1_10.png, id=273, 481.8pt x 481.8pt>
File: images/qvalEvals/rock_1_10.png Graphic file (type png)

<use images/qvalEvals/rock_1_10.png>
Package pdftex.def Info: images/qvalEvals/rock_1_10.png used on input line 583.

(pdftex.def)             Requested size: 194.04218pt x 194.03987pt.

<images/qvalEvals/metal_1_5.png, id=274, 481.8pt x 481.8pt>
File: images/qvalEvals/metal_1_5.png Graphic file (type png)

<use images/qvalEvals/metal_1_5.png>
Package pdftex.def Info: images/qvalEvals/metal_1_5.png used on input line 592.

(pdftex.def)             Requested size: 194.04218pt x 194.03987pt.

<images/qvalEvals/metal_1_10.png, id=275, 481.8pt x 481.8pt>
File: images/qvalEvals/metal_1_10.png Graphic file (type png)

<use images/qvalEvals/metal_1_10.png>
Package pdftex.def Info: images/qvalEvals/metal_1_10.png used on input line 593
.
(pdftex.def)             Requested size: 194.04218pt x 194.03987pt.

Underfull \vbox (badness 7415) has occurred while \output is active []

 [46 <./images/confRanks/confRankPlot50.png> <./images/confRanks/confRankCumSum
50.png>]
[47 <./images/qvalEvals/hiphop_1_5.png> <./images/qvalEvals/hiphop_1_10.png>]
[48 <./images/qvalEvals/rock_1_5.png> <./images/qvalEvals/rock_1_10.png>]
[49 <./images/qvalEvals/metal_1_5.png> <./images/qvalEvals/metal_1_10.png>]
[50

]
Underfull \vbox (badness 10000) has occurred while \output is active []

 [51]
[52]
Underfull \vbox (badness 10000) has occurred while \output is active []

 [53]
(./erik_aalto.bbl
Underfull \hbox (badness 10000) in paragraph at lines 623--1

 []


Underfull \hbox (badness 10000) in paragraph at lines 623--1

 []

[54]
bibitemlist
[55

]
LaTeX Font Info:    Try loading font information for T1+lmtt on input line 97.
 (/usr/share/texmf/tex/latex/lm/t1lmtt.fd
File: t1lmtt.fd 2009/10/30 v1.6 Font defs for Latin Modern
)
Underfull \hbox (badness 10000) in paragraph at lines 94--99
[]\T1/lmr/m/n/10.95 Chris John-son.  Al-go-rith-mic mu-sic rec-om-men-da-tions 
at spo-tify.
 []


Underfull \hbox (badness 10000) in paragraph at lines 94--99
\T1/lmr/m/n/10.95 Avail-able from: $\T1/lmtt/m/n/10.95 http : / / www . slidesh
are . net / MrChrisJohnson /
 []


Underfull \hbox (badness 1097) in paragraph at lines 94--99
\T1/lmtt/m/n/10.95 algorithmic-[]music-[]recommendations-[]at-[]spotify/$ \T1/l
mr/m/n/10.95 [cited 29:th of June
 []

[56]) [57]
\tf@toc=\write5
\openout5 = `erik_aalto.toc'.

 (./erik_aalto.aux) ) 
Here is how much of TeX's memory you used:
 17146 strings out of 493304
 296448 string characters out of 6139872
 393056 words of memory out of 5000000
 20207 multiletter control sequences out of 15000+600000
 84388 words of font info for 57 fonts, out of 8000000 for 9000
 957 hyphenation exceptions out of 8191
 69i,13n,57p,2124b,466s stack positions out of 5000i,500n,10000p,200000b,80000s
{/usr/share/texmf/fonts/enc/dvips/lm/lm-ec.enc}{/usr/share
/texmf/fonts/enc/dvips/lm/lm-ts1.enc}{/usr/share/texmf/fonts/enc/dvips/lm/lm-ma
thex.enc}{/usr/share/texmf/fonts/enc/dvips/lm/lm-mathsy.enc}{/usr/share/texmf/f
onts/enc/dvips/lm/lm-rm.enc}{/usr/share/texmf/fonts/enc/dvips/lm/lm-mathit.enc}
</usr/share/texmf/fonts/type1/public/lm/lmbx10.pfb></usr/share/texmf/fonts/type
1/public/lm/lmbx9.pfb></usr/share/texmf/fonts/type1/public/lm/lmex10.pfb></usr/
share/texmf/fonts/type1/public/lm/lmmi10.pfb></usr/share/texmf/fonts/type1/publ
ic/lm/lmmi8.pfb></usr/share/texmf/fonts/type1/public/lm/lmr10.pfb></usr/share/t
exmf/fonts/type1/public/lm/lmr8.pfb></usr/share/texmf/fonts/type1/public/lm/lmr
9.pfb></usr/share/texmf/fonts/type1/public/lm/lmri10.pfb></usr/share/texmf/font
s/type1/public/lm/lmri9.pfb></usr/share/texmf/fonts/type1/public/lm/lmss10.pfb>
</usr/share/texmf/fonts/type1/public/lm/lmss12.pfb></usr/share/texmf/fonts/type
1/public/lm/lmssbx10.pfb></usr/share/texmf/fonts/type1/public/lm/lmssdc10.pfb><
/usr/share/texmf/fonts/type1/public/lm/lmsy10.pfb></usr/share/texmf/fonts/type1
/public/lm/lmsy6.pfb></usr/share/texmf/fonts/type1/public/lm/lmtt10.pfb>
Output written on erik_aalto.pdf (65 pages, 4210602 bytes).
PDF statistics:
 388 PDF objects out of 1000 (max. 8388607)
 214 compressed objects within 3 object streams
 0 named destinations out of 1000 (max. 500000)
 238 words of extra memory for PDF output out of 10000 (max. 10000000)

