This is pdfTeX, Version 3.14159265-2.6-1.40.15 (TeX Live 2014) (preloaded format=pdflatex 2015.5.7)  28 MAY 2015 11:05
entering extended mode
 restricted \write18 enabled.
 %&-line parsing enabled.
**Master_Thesis_Erik_AaltoV2.tex
(./Master_Thesis_Erik_AaltoV2.tex
LaTeX2e <2014/05/01>
Babel <3.9k> and hyphenation patterns for 78 languages loaded.
(./kth-mag.cls
Document Class: kth-mag 2004/12/14 v2.1 Document Class for KTH Theses
(/usr/local/texlive/2014/texmf-dist/tex/latex/memoir/memoir.cls
Document Class: memoir 2013/05/30 v3.7b configurable book, report, article docu
ment class
\onelineskip=\skip41
\lxvchars=\skip42
\xlvchars=\skip43
\@memcnta=\count79
\c@@memmarkcntra=\count80
(/usr/local/texlive/2014/texmf-dist/tex/generic/oberdiek/ifpdf.sty
Package: ifpdf 2011/01/30 v2.3 Provides the ifpdf switch (HO)
Package ifpdf Info: pdfTeX in PDF mode is detected.
)
(/usr/local/texlive/2014/texmf-dist/tex/latex/ifetex/ifetex.sty
Package: ifetex 2011/12/15 v1.2 ifetex

(/usr/local/texlive/2014/texmf-dist/tex/plain/ifetex/ifetex.tex))
(/usr/local/texlive/2014/texmf-dist/tex/generic/ifxetex/ifxetex.sty
Package: ifxetex 2010/09/12 v0.6 Provides ifxetex conditional
)
(/usr/local/texlive/2014/texmf-dist/tex/generic/oberdiek/ifluatex.sty
Package: ifluatex 2010/03/01 v1.3 Provides the ifluatex switch (HO)
Package ifluatex Info: LuaTeX not detected.
)
\stockheight=\skip44
\stockwidth=\skip45
\trimtop=\skip46
\trimedge=\skip47

(/usr/local/texlive/2014/texmf-dist/tex/latex/etex-pkg/etex.sty
Package: etex 1998/03/26 v2.0 eTeX basic definition package (PEB)
\et@xins=\count81
)
(/usr/local/texlive/2014/texmf-dist/tex/latex/memoir/mem11.clo
File: mem11.clo 2008/01/30 v0.3 memoir class 11pt size option
)
\binding=\skip48
\spinemargin=\skip49
\foremargin=\skip50
\uppermargin=\skip51
\lowermargin=\skip52
\headdrop=\skip53
\normalrulethickness=\skip54
\mem@maxheadheight=\skip55
\mem@maxfootheight=\skip56
\headwidth=\skip57
\c@storedpagenumber=\count82
\memPD=\dimen102
\m@mabparskip=\skip58
\thanksmarkwidth=\skip59
\thanksmarksep=\skip60
\droptitle=\skip61
\c@book=\count83
\c@part=\count84
\c@chapter=\count85
\c@section=\count86
\c@subsection=\count87
\c@subsubsection=\count88
\c@paragraph=\count89
\c@subparagraph=\count90
\beforechapskip=\skip62
\midchapskip=\skip63
\afterchapskip=\skip64
\chapindent=\skip65
\bottomsectionskip=\skip66
\secindent=\skip67
\beforesecskip=\skip68
\aftersecskip=\skip69
\subsecindent=\skip70
\beforesubsecskip=\skip71
\aftersubsecskip=\skip72
\subsubsecindent=\skip73
\beforesubsubsecskip=\skip74
\aftersubsubsecskip=\skip75
\paraindent=\skip76
\beforeparaskip=\skip77
\afterparaskip=\skip78
\subparaindent=\skip79
\beforesubparaskip=\skip80
\aftersubparaskip=\skip81
\pfbreakskip=\skip82
\c@@ppsavesec=\count91
\c@@ppsaveapp=\count92
\ragrparindent=\dimen103
\everylistparindent=\dimen104
\parsepi=\skip83
\topsepi=\skip84
\itemsepi=\skip85
\parsepii=\skip86
\topsepii=\skip87
\topsepiii=\skip88
\itemsepii=\skip89
\itemsepiii=\skip90
\partopsepii=\skip91
\partopsepiii=\skip92
\m@msavetopsep=\skip93
\m@msavepartopsep=\skip94
\@enLab=\toks14
\abstitleskip=\skip95
\absleftindent=\skip96
\abs@leftindent=\dimen105
\absrightindent=\skip97
\absparindent=\skip98
\absparsep=\skip99
\c@vslineno=\count93
\c@poemline=\count94
\c@modulo@vs=\count95
\c@memfvsline=\count96
\vleftskip=\skip100
\vrightskip=\skip101
\stanzaskip=\skip102
\versewidth=\skip103
\vgap=\skip104
\vindent=\skip105
\vleftmargin=\dimen106
\c@verse=\count97
\c@chrsinstr=\count98
\beforepoemtitleskip=\skip106
\afterpoemtitleskip=\skip107
\c@poem=\count99
\beforePoemTitleskip=\skip108
\midPoemTitleskip=\skip109
\afterPoemTitleskip=\skip110
\col@sep=\dimen107
\extrarowheight=\dimen108
\NC@list=\toks15
\extratabsurround=\skip111
\backup@length=\skip112
\TX@col@width=\dimen109
\TX@old@table=\dimen110
\TX@old@col=\dimen111
\TX@target=\dimen112
\TX@delta=\dimen113
\TX@cols=\count100
\TX@ftn=\toks16
\heavyrulewidth=\dimen114
\lightrulewidth=\dimen115
\cmidrulewidth=\dimen116
\belowrulesep=\dimen117
\belowbottomsep=\dimen118
\aboverulesep=\dimen119
\abovetopsep=\dimen120
\cmidrulesep=\dimen121
\cmidrulekern=\dimen122
\defaultaddspace=\dimen123
\@cmidla=\count101
\@cmidlb=\count102
\@aboverulesep=\dimen124
\@belowrulesep=\dimen125
\@thisruleclass=\count103
\@lastruleclass=\count104
\@thisrulewidth=\dimen126
\ctableftskip=\skip113
\ctabrightskip=\skip114
\abovecolumnspenalty=\count105
\@linestogo=\count106
\@cellstogo=\count107
\@cellsincolumn=\count108
\crtok=\toks17
\@mincolumnwidth=\dimen127
\c@newflo@tctr=\count109
\mem@margin@floatbox=\box26
\@contcwidth=\skip115
\@contindw=\skip116
\abovecaptionskip=\skip117
\belowcaptionskip=\skip118
\subfloattopskip=\skip119
\subfloatcapskip=\skip120
\subfloatcaptopadj=\skip121
\subfloatbottomskip=\skip122
\subfloatlabelskip=\skip123
\subfloatcapmargin=\dimen128
\c@@contsubnum=\count110
\m@mscap@capbox=\box27
\m@mscap@fbox=\box28
\sidecapsep=\dimen129
\sidecapwidth=\dimen130
\m@m@tempdima=\dimen131
\m@mscapraise=\dimen132
\sidecapraise=\dimen133
\m@mscapmainwidth=\dimen134
\m@mscaplkern=\dimen135
\beforeepigraphskip=\skip124
\afterepigraphskip=\skip125
\epigraphwidth=\skip126
\epigraphrule=\skip127
LaTeX Info: Redefining \em on input line 7492.
LaTeX Info: Redefining \emph on input line 7500.
\tocentryskip=\skip128
\tocbaseline=\skip129
\cftparskip=\skip130
\cftbeforebookskip=\skip131
\cftbookindent=\dimen136
\cftbooknumwidth=\dimen137
\cftbeforepartskip=\skip132
\cftpartindent=\skip133
\cftpartnumwidth=\skip134
\cftbeforechapterskip=\skip135
\cftchapterindent=\skip136
\cftchapternumwidth=\skip137
\cftbeforesectionskip=\skip138
\cftsectionindent=\skip139
\cftsectionnumwidth=\skip140
\cftbeforesubsectionskip=\skip141
\cftsubsectionindent=\skip142
\cftsubsectionnumwidth=\skip143
\cftbeforesubsubsectionskip=\skip144
\cftsubsubsectionindent=\skip145
\cftsubsubsectionnumwidth=\skip146
\cftbeforeparagraphskip=\skip147
\cftparagraphindent=\skip148
\cftparagraphnumwidth=\skip149
\cftbeforesubparagraphskip=\skip150
\cftsubparagraphindent=\skip151
\cftsubparagraphnumwidth=\skip152
\prechapterprecisshift=\dimen138
\c@maxsecnumdepth=\count111
\bibindent=\dimen139
\bibitemsep=\skip153
\indexcolsep=\skip154
\indexrule=\skip155
\indexmarkstyle=\toks18
\@indexbox=\insert233
\glossarycolsep=\dimen140
\glossaryrule=\dimen141
\sideparvshift=\skip156
\sideins=\insert232
\sidebartopsep=\skip157
\sidebarhsep=\skip158
\sidebarvsep=\skip159
\sidebarwidth=\skip160
\footmarkwidth=\skip161
\footmarksep=\skip162
\footparindent=\skip163
\footinsdim=\skip164
\footinsv@r=\insert231
\@mpfootinsv@r=\insert230
\m@m@k=\count112
\m@m@h=\dimen142
\m@mipn@skip=\skip165
\sidefootins=\insert229
\sidefootadjust=\skip166
\sidefootheight=\skip167
\sidefoothsep=\skip168
\sidefootvsep=\skip169
\sidefootwidth=\skip170
\m@mdownsf=\skip171
\c@sidefootnote=\count113
\sidefootmarkwidth=\skip172
\sidefootmarksep=\skip173
\sidefootparindent=\skip174
\c@pagenote=\count114
\c@pagenoteshadow=\count115
\mem@pn@lastkern=\skip175
\every@verbatim=\toks19
\afterevery@verbatim=\toks20
\verbatim@line=\toks21
\tab@position=\count116
\verbatim@in@stream=\read1
\verbatimindent=\skip176
\verbatim@out=\write3
\bvboxsep=\skip177
\c@memfbvline=\count117
\c@bvlinectr=\count118
\bvnumlength=\skip178
\fb@frw=\dimen143
\fb@frh=\dimen144
\FrameRule=\dimen145
\FrameSep=\dimen146
\c@cp@cntr=\count119
LaTeX Info: Redefining \: on input line 11958.
LaTeX Info: Redefining \! on input line 11960.
\c@ism@mctr=\count120
\c@xsm@mctr=\count121
\c@csm@mctr=\count122
\c@ksm@mctr=\count123
\c@xksm@mctr=\count124
\c@cksm@mctr=\count125
\c@msm@mctr=\count126
\c@xmsm@mctr=\count127
\c@cmsm@mctr=\count128
\c@bsm@mctr=\count129
\c@workm@mctr=\count130
\c@sheetsequence=\count131
\c@lastsheet=\count132
\c@lastpage=\count133
\c@figure=\count134
\c@lofdepth=\count135
\cftbeforefigureskip=\skip179
\cftfigureindent=\skip180
\cftfigurenumwidth=\skip181
\c@table=\count136
\c@lotdepth=\count137
\cftbeforetableskip=\skip182
\cfttableindent=\skip183
\cfttablenumwidth=\skip184
Package abstract [2008/07/23] emulated by memoir.
Package appendix [2008/07/23] emulated by memoir.
Package array [2008/09/09] emulated by memoir.
Package booktabs [2008/07/23] emulated by memoir.
Package ccaption [2008/07/23] emulated by memoir.
Package changepage [2008/07/23] emulated by memoir.
Package chngcntr [2008/07/23] emulated by memoir.
Package chngpage [2008/07/23] emulated by memoir.
Package crop emulated by memoir.
Package dcolumn [2008/07/23] emulated by memoir.
Package delarray [2008/07/23] emulated by memoir.
Package enumerate [2008/07/23] emulated by memoir.
Package epigraph [2008/07/23] emulated by memoir.
Package ifmtarg [2008/07/23] emulated by memoir.
Package index [2008/07/23] emulated by memoir.
Package makeidx [2008/07/23] emulated by memoir.
Package moreverb [2008/07/23] emulated by memoir.
Package mparhack [2008/07/23] emulated by memoir.
Package needspace [2008/07/23] emulated by memoir.
Package newfile [2008/07/23] emulated by memoir.
Package nextpage [2008/07/23] emulated by memoir.
Package pagenote [2008/07/23] emulated by memoir.
Package parskip [2008/07/23] emulated by memoir.
Package patchcmd [2008/07/23] emulated by memoir.
Package setspace [2008/07/23] emulated by memoir.
Package shortvrb [2008/07/23] emulated by memoir.
Package showidx [2008/07/23] emulated by memoir.
Package tabularx [2008/07/23] emulated by memoir.
Package titleref [2008/07/23] emulated by memoir.
Package titling [2008/07/23] emulated by memoir.
Package tocbibind [2008/07/23] emulated by memoir.
Package tocloft [2008/07/23] emulated by memoir.
Package tocvsec2 [2008/07/23] emulated by memoir.
Package verbatim [2008/07/23] emulated by memoir.
Package verse [2008/07/23] emulated by memoir.

(/usr/local/texlive/2014/texmf-dist/tex/latex/memoir/mempatch.sty
Package: mempatch 2009/07/24 v6.0f Patches for memoir class v1.6180339
))

******************************************************
Stock height and width: 845.04684pt by 597.50787pt
Top and edge trims: 0pt and 0pt
Page height and width: 845.04684pt by 597.50787pt
Text height and width: 595.80026pt by 396pt
Spine and edge margins: 100.75394pt and 100.75394pt
Upper and lower margins: 128.52342pt and 120.72316pt
Headheight and headsep: 13.6pt and 19.8738pt
Footskip: 27.46295pt
Columnsep and columnseprule: 10pt and 0pt
Marginparsep and marginparwidth: 7pt and 86.75394pt
Sidecapsep and sidecapwidth: 7pt and 101pt
Sidebarhsep and sidebarwidth: 7pt and 101pt
Sidebarvsep and sidebartopsep: 13.6pt and 0pt
Sidebarheight: 594.32022pt
Sidefoothsep and sidefootwidth: 7pt and 101pt
Sidefootvsep and sidefootheight: 13.6pt and 594.32022pt
******************************************************

) (/usr/local/texlive/2014/texmf-dist/tex/latex/base/fontenc.sty
Package: fontenc 2005/09/27 v1.99g Standard LaTeX package

(/usr/local/texlive/2014/texmf-dist/tex/latex/base/t1enc.def
File: t1enc.def 2005/09/27 v1.99g Standard LaTeX file
LaTeX Font Info:    Redeclaring font encoding T1 on input line 43.
))
(/usr/local/texlive/2014/texmf-dist/tex/latex/base/textcomp.sty
Package: textcomp 2005/09/27 v1.99g Standard LaTeX package
Package textcomp Info: Sub-encoding information:
(textcomp)               5 = only ISO-Adobe without \textcurrency
(textcomp)               4 = 5 + \texteuro
(textcomp)               3 = 4 + \textohm
(textcomp)               2 = 3 + \textestimated + \textcurrency
(textcomp)               1 = TS1 - \textcircled - \t
(textcomp)               0 = TS1 (full)
(textcomp)             Font families with sub-encoding setting implement
(textcomp)             only a restricted character set as indicated.
(textcomp)             Family '?' is the default used for unknown fonts.
(textcomp)             See the documentation for details.
Package textcomp Info: Setting ? sub-encoding to TS1/1 on input line 71.

(/usr/local/texlive/2014/texmf-dist/tex/latex/base/ts1enc.def
File: ts1enc.def 2001/06/05 v3.0e (jk/car/fm) Standard LaTeX file
)
LaTeX Info: Redefining \oldstylenums on input line 266.
Package textcomp Info: Setting cmr sub-encoding to TS1/0 on input line 281.
Package textcomp Info: Setting cmss sub-encoding to TS1/0 on input line 282.
Package textcomp Info: Setting cmtt sub-encoding to TS1/0 on input line 283.
Package textcomp Info: Setting cmvtt sub-encoding to TS1/0 on input line 284.
Package textcomp Info: Setting cmbr sub-encoding to TS1/0 on input line 285.
Package textcomp Info: Setting cmtl sub-encoding to TS1/0 on input line 286.
Package textcomp Info: Setting ccr sub-encoding to TS1/0 on input line 287.
Package textcomp Info: Setting ptm sub-encoding to TS1/4 on input line 288.
Package textcomp Info: Setting pcr sub-encoding to TS1/4 on input line 289.
Package textcomp Info: Setting phv sub-encoding to TS1/4 on input line 290.
Package textcomp Info: Setting ppl sub-encoding to TS1/3 on input line 291.
Package textcomp Info: Setting pag sub-encoding to TS1/4 on input line 292.
Package textcomp Info: Setting pbk sub-encoding to TS1/4 on input line 293.
Package textcomp Info: Setting pnc sub-encoding to TS1/4 on input line 294.
Package textcomp Info: Setting pzc sub-encoding to TS1/4 on input line 295.
Package textcomp Info: Setting bch sub-encoding to TS1/4 on input line 296.
Package textcomp Info: Setting put sub-encoding to TS1/5 on input line 297.
Package textcomp Info: Setting uag sub-encoding to TS1/5 on input line 298.
Package textcomp Info: Setting ugq sub-encoding to TS1/5 on input line 299.
Package textcomp Info: Setting ul8 sub-encoding to TS1/4 on input line 300.
Package textcomp Info: Setting ul9 sub-encoding to TS1/4 on input line 301.
Package textcomp Info: Setting augie sub-encoding to TS1/5 on input line 302.
Package textcomp Info: Setting dayrom sub-encoding to TS1/3 on input line 303.
Package textcomp Info: Setting dayroms sub-encoding to TS1/3 on input line 304.

Package textcomp Info: Setting pxr sub-encoding to TS1/0 on input line 305.
Package textcomp Info: Setting pxss sub-encoding to TS1/0 on input line 306.
Package textcomp Info: Setting pxtt sub-encoding to TS1/0 on input line 307.
Package textcomp Info: Setting txr sub-encoding to TS1/0 on input line 308.
Package textcomp Info: Setting txss sub-encoding to TS1/0 on input line 309.
Package textcomp Info: Setting txtt sub-encoding to TS1/0 on input line 310.
Package textcomp Info: Setting lmr sub-encoding to TS1/0 on input line 311.
Package textcomp Info: Setting lmdh sub-encoding to TS1/0 on input line 312.
Package textcomp Info: Setting lmss sub-encoding to TS1/0 on input line 313.
Package textcomp Info: Setting lmssq sub-encoding to TS1/0 on input line 314.
Package textcomp Info: Setting lmvtt sub-encoding to TS1/0 on input line 315.
Package textcomp Info: Setting qhv sub-encoding to TS1/0 on input line 316.
Package textcomp Info: Setting qag sub-encoding to TS1/0 on input line 317.
Package textcomp Info: Setting qbk sub-encoding to TS1/0 on input line 318.
Package textcomp Info: Setting qcr sub-encoding to TS1/0 on input line 319.
Package textcomp Info: Setting qcs sub-encoding to TS1/0 on input line 320.
Package textcomp Info: Setting qpl sub-encoding to TS1/0 on input line 321.
Package textcomp Info: Setting qtm sub-encoding to TS1/0 on input line 322.
Package textcomp Info: Setting qzc sub-encoding to TS1/0 on input line 323.
Package textcomp Info: Setting qhvc sub-encoding to TS1/0 on input line 324.
Package textcomp Info: Setting futs sub-encoding to TS1/4 on input line 325.
Package textcomp Info: Setting futx sub-encoding to TS1/4 on input line 326.
Package textcomp Info: Setting futj sub-encoding to TS1/4 on input line 327.
Package textcomp Info: Setting hlh sub-encoding to TS1/3 on input line 328.
Package textcomp Info: Setting hls sub-encoding to TS1/3 on input line 329.
Package textcomp Info: Setting hlst sub-encoding to TS1/3 on input line 330.
Package textcomp Info: Setting hlct sub-encoding to TS1/5 on input line 331.
Package textcomp Info: Setting hlx sub-encoding to TS1/5 on input line 332.
Package textcomp Info: Setting hlce sub-encoding to TS1/5 on input line 333.
Package textcomp Info: Setting hlcn sub-encoding to TS1/5 on input line 334.
Package textcomp Info: Setting hlcw sub-encoding to TS1/5 on input line 335.
Package textcomp Info: Setting hlcf sub-encoding to TS1/5 on input line 336.
Package textcomp Info: Setting pplx sub-encoding to TS1/3 on input line 337.
Package textcomp Info: Setting pplj sub-encoding to TS1/3 on input line 338.
Package textcomp Info: Setting ptmx sub-encoding to TS1/4 on input line 339.
Package textcomp Info: Setting ptmj sub-encoding to TS1/4 on input line 340.
)
(/usr/local/texlive/2014/texmf-dist/tex/latex/lm/lmodern.sty
Package: lmodern 2009/10/30 v1.6 Latin Modern Fonts
LaTeX Font Info:    Overwriting symbol font `operators' in version `normal'
(Font)                  OT1/cmr/m/n --> OT1/lmr/m/n on input line 22.
LaTeX Font Info:    Overwriting symbol font `letters' in version `normal'
(Font)                  OML/cmm/m/it --> OML/lmm/m/it on input line 23.
LaTeX Font Info:    Overwriting symbol font `symbols' in version `normal'
(Font)                  OMS/cmsy/m/n --> OMS/lmsy/m/n on input line 24.
LaTeX Font Info:    Overwriting symbol font `largesymbols' in version `normal'
(Font)                  OMX/cmex/m/n --> OMX/lmex/m/n on input line 25.
LaTeX Font Info:    Overwriting symbol font `operators' in version `bold'
(Font)                  OT1/cmr/bx/n --> OT1/lmr/bx/n on input line 26.
LaTeX Font Info:    Overwriting symbol font `letters' in version `bold'
(Font)                  OML/cmm/b/it --> OML/lmm/b/it on input line 27.
LaTeX Font Info:    Overwriting symbol font `symbols' in version `bold'
(Font)                  OMS/cmsy/b/n --> OMS/lmsy/b/n on input line 28.
LaTeX Font Info:    Overwriting symbol font `largesymbols' in version `bold'
(Font)                  OMX/cmex/m/n --> OMX/lmex/m/n on input line 29.
LaTeX Font Info:    Overwriting math alphabet `\mathbf' in version `normal'
(Font)                  OT1/cmr/bx/n --> OT1/lmr/bx/n on input line 31.
LaTeX Font Info:    Overwriting math alphabet `\mathsf' in version `normal'
(Font)                  OT1/cmss/m/n --> OT1/lmss/m/n on input line 32.
LaTeX Font Info:    Overwriting math alphabet `\mathit' in version `normal'
(Font)                  OT1/cmr/m/it --> OT1/lmr/m/it on input line 33.
LaTeX Font Info:    Overwriting math alphabet `\mathtt' in version `normal'
(Font)                  OT1/cmtt/m/n --> OT1/lmtt/m/n on input line 34.
LaTeX Font Info:    Overwriting math alphabet `\mathbf' in version `bold'
(Font)                  OT1/cmr/bx/n --> OT1/lmr/bx/n on input line 35.
LaTeX Font Info:    Overwriting math alphabet `\mathsf' in version `bold'
(Font)                  OT1/cmss/bx/n --> OT1/lmss/bx/n on input line 36.
LaTeX Font Info:    Overwriting math alphabet `\mathit' in version `bold'
(Font)                  OT1/cmr/bx/it --> OT1/lmr/bx/it on input line 37.
LaTeX Font Info:    Overwriting math alphabet `\mathtt' in version `bold'
(Font)                  OT1/cmtt/m/n --> OT1/lmtt/m/n on input line 38.
)
(/usr/local/texlive/2014/texmf-dist/tex/latex/base/inputenc.sty
Package: inputenc 2014/04/30 v1.2b Input encoding file
\inpenc@prehook=\toks22
\inpenc@posthook=\toks23

(/usr/local/texlive/2014/texmf-dist/tex/latex/base/latin1.def
File: latin1.def 2014/04/30 v1.2b Input encoding file
))
(/usr/local/texlive/2014/texmf-dist/tex/generic/babel/babel.sty
Package: babel 2014/03/24 3.9k The Babel package

(/usr/local/texlive/2014/texmf-dist/tex/generic/babel-swedish/swedish.ldf
Language: swedish 2005/03/31 v2.3d Swedish support from the babel system

(/usr/local/texlive/2014/texmf-dist/tex/generic/babel/babel.def
File: babel.def 2014/03/24 3.9k Babel common definitions
\babel@savecnt=\count138
\U@D=\dimen147
)
Package babel Info: Making " an active character on input line 90.
)
(/usr/local/texlive/2014/texmf-dist/tex/generic/babel-english/english.ldf
Language: english 2012/08/20 v3.3p English support from the babel system
\l@canadian = a dialect from \language\l@american 
\l@australian = a dialect from \language\l@british 
\l@newzealand = a dialect from \language\l@british 
))
(./modifications.sty
Package: modifications 2005/10/21
) (/usr/local/texlive/2014/texmf-dist/tex/latex/url/url.sty
\Urlmuskip=\muskip10
Package: url 2013/09/16  ver 3.4  Verb mode for urls, etc.
) (/usr/local/texlive/2014/texmf-dist/tex/latex/csquotes/csquotes.sty
Package: csquotes 2011/10/22 v5.1d context-sensitive quotations

(/usr/local/texlive/2014/texmf-dist/tex/latex/etoolbox/etoolbox.sty
Package: etoolbox 2011/01/03 v2.1 e-TeX tools for LaTeX
\etb@tempcnta=\count139
)
(/usr/local/texlive/2014/texmf-dist/tex/latex/graphics/keyval.sty
Package: keyval 2014/05/08 v1.15 key=value parser (DPC)
\KV@toks@=\toks24
)
\csq@reset=\count140
\csq@gtype=\count141
\csq@glevel=\count142
\csq@qlevel=\count143
\csq@maxlvl=\count144
\csq@tshold=\count145
\csq@ltx@everypar=\toks25

(/usr/local/texlive/2014/texmf-dist/tex/latex/csquotes/csquotes.def
File: csquotes.def 2011/10/22 v5.1d csquotes generic definitions
)
Package csquotes Info: Trying to load configuration file 'csquotes.cfg'...
Package csquotes Info: ... configuration file loaded successfully.

(/usr/local/texlive/2014/texmf-dist/tex/latex/csquotes/csquotes.cfg
File: csquotes.cfg 
))
(/usr/local/texlive/2014/texmf-dist/tex/latex/graphics/graphicx.sty
Package: graphicx 2014/04/25 v1.0g Enhanced LaTeX Graphics (DPC,SPQR)

(/usr/local/texlive/2014/texmf-dist/tex/latex/graphics/graphics.sty
Package: graphics 2009/02/05 v1.0o Standard LaTeX Graphics (DPC,SPQR)

(/usr/local/texlive/2014/texmf-dist/tex/latex/graphics/trig.sty
Package: trig 1999/03/16 v1.09 sin cos tan (DPC)
)
(/usr/local/texlive/2014/texmf-dist/tex/latex/latexconfig/graphics.cfg
File: graphics.cfg 2010/04/23 v1.9 graphics configuration of TeX Live
)
Package graphics Info: Driver file: pdftex.def on input line 91.

(/usr/local/texlive/2014/texmf-dist/tex/latex/pdftex-def/pdftex.def
File: pdftex.def 2011/05/27 v0.06d Graphics/color for pdfTeX

(/usr/local/texlive/2014/texmf-dist/tex/generic/oberdiek/infwarerr.sty
Package: infwarerr 2010/04/08 v1.3 Providing info/warning/error messages (HO)
)
(/usr/local/texlive/2014/texmf-dist/tex/generic/oberdiek/ltxcmds.sty
Package: ltxcmds 2011/11/09 v1.22 LaTeX kernel commands for general use (HO)
)
\Gread@gobject=\count146
))
\Gin@req@height=\dimen148
\Gin@req@width=\dimen149
)
(/usr/local/texlive/2014/texmf-dist/tex/latex/todonotes/todonotes.sty
Package: todonotes 2012/07/25 .dtx Todonotes source and documentation.
Package: todonotes 2012/07/25

(/usr/local/texlive/2014/texmf-dist/tex/latex/base/ifthen.sty
Package: ifthen 2001/05/26 v1.1c Standard LaTeX ifthen package (DPC)
)
(/usr/local/texlive/2014/texmf-dist/tex/latex/xkeyval/xkeyval.sty
Package: xkeyval 2014/05/09 v2.6d package option processing (HA)

(/usr/local/texlive/2014/texmf-dist/tex/generic/xkeyval/xkeyval.tex
\XKV@toks=\toks26
\XKV@tempa@toks=\toks27
\XKV@depth=\count147
File: xkeyval.tex 2014/05/09 v2.6d key=value parser (HA)
))
(/usr/local/texlive/2014/texmf-dist/tex/latex/xcolor/xcolor.sty
Package: xcolor 2007/01/21 v2.11 LaTeX color extensions (UK)

(/usr/local/texlive/2014/texmf-dist/tex/latex/latexconfig/color.cfg
File: color.cfg 2007/01/18 v1.5 color configuration of teTeX/TeXLive
)
Package xcolor Info: Driver file: pdftex.def on input line 225.
Package xcolor Info: Model `cmy' substituted by `cmy0' on input line 1337.
Package xcolor Info: Model `hsb' substituted by `rgb' on input line 1341.
Package xcolor Info: Model `RGB' extended on input line 1353.
Package xcolor Info: Model `HTML' substituted by `rgb' on input line 1355.
Package xcolor Info: Model `Hsb' substituted by `hsb' on input line 1356.
Package xcolor Info: Model `tHsb' substituted by `hsb' on input line 1357.
Package xcolor Info: Model `HSB' substituted by `hsb' on input line 1358.
Package xcolor Info: Model `Gray' substituted by `gray' on input line 1359.
Package xcolor Info: Model `wave' substituted by `hsb' on input line 1360.
)
(/usr/local/texlive/2014/texmf-dist/tex/latex/pgf/frontendlayer/tikz.sty
(/usr/local/texlive/2014/texmf-dist/tex/latex/pgf/basiclayer/pgf.sty
(/usr/local/texlive/2014/texmf-dist/tex/latex/pgf/utilities/pgfrcs.sty
(/usr/local/texlive/2014/texmf-dist/tex/generic/pgf/utilities/pgfutil-common.te
x
\pgfutil@everybye=\toks28
\pgfutil@tempdima=\dimen150
\pgfutil@tempdimb=\dimen151

(/usr/local/texlive/2014/texmf-dist/tex/generic/pgf/utilities/pgfutil-common-li
sts.tex))
(/usr/local/texlive/2014/texmf-dist/tex/generic/pgf/utilities/pgfutil-latex.def
\pgfutil@abb=\box29
(/usr/local/texlive/2014/texmf-dist/tex/latex/ms/everyshi.sty
Package: everyshi 2001/05/15 v3.00 EveryShipout Package (MS)
))
(/usr/local/texlive/2014/texmf-dist/tex/generic/pgf/utilities/pgfrcs.code.tex
Package: pgfrcs 2013/12/20 v3.0.0 (rcs-revision 1.28)
))
Package: pgf 2013/12/18 v3.0.0 (rcs-revision 1.14)
(/usr/local/texlive/2014/texmf-dist/tex/latex/pgf/basiclayer/pgfcore.sty
(/usr/local/texlive/2014/texmf-dist/tex/latex/pgf/systemlayer/pgfsys.sty
(/usr/local/texlive/2014/texmf-dist/tex/generic/pgf/systemlayer/pgfsys.code.tex
Package: pgfsys 2013/11/30 v3.0.0 (rcs-revision 1.47)
(/usr/local/texlive/2014/texmf-dist/tex/generic/pgf/utilities/pgfkeys.code.tex
\pgfkeys@pathtoks=\toks29
\pgfkeys@temptoks=\toks30

(/usr/local/texlive/2014/texmf-dist/tex/generic/pgf/utilities/pgfkeysfiltered.c
ode.tex
\pgfkeys@tmptoks=\toks31
))
\pgf@x=\dimen152
\pgf@y=\dimen153
\pgf@xa=\dimen154
\pgf@ya=\dimen155
\pgf@xb=\dimen156
\pgf@yb=\dimen157
\pgf@xc=\dimen158
\pgf@yc=\dimen159
\w@pgf@writea=\write4
\r@pgf@reada=\read2
\c@pgf@counta=\count148
\c@pgf@countb=\count149
\c@pgf@countc=\count150
\c@pgf@countd=\count151
\t@pgf@toka=\toks32
\t@pgf@tokb=\toks33
\t@pgf@tokc=\toks34

(/usr/local/texlive/2014/texmf-dist/tex/generic/pgf/systemlayer/pgf.cfg
File: pgf.cfg 2008/05/14  (rcs-revision 1.7)
)
Driver file for pgf: pgfsys-pdftex.def

(/usr/local/texlive/2014/texmf-dist/tex/generic/pgf/systemlayer/pgfsys-pdftex.d
ef
File: pgfsys-pdftex.def 2013/07/18  (rcs-revision 1.33)

(/usr/local/texlive/2014/texmf-dist/tex/generic/pgf/systemlayer/pgfsys-common-p
df.def
File: pgfsys-common-pdf.def 2013/10/10  (rcs-revision 1.13)
)))
(/usr/local/texlive/2014/texmf-dist/tex/generic/pgf/systemlayer/pgfsyssoftpath.
code.tex
File: pgfsyssoftpath.code.tex 2013/09/09  (rcs-revision 1.9)
\pgfsyssoftpath@smallbuffer@items=\count152
\pgfsyssoftpath@bigbuffer@items=\count153
)
(/usr/local/texlive/2014/texmf-dist/tex/generic/pgf/systemlayer/pgfsysprotocol.
code.tex
File: pgfsysprotocol.code.tex 2006/10/16  (rcs-revision 1.4)
))
(/usr/local/texlive/2014/texmf-dist/tex/generic/pgf/basiclayer/pgfcore.code.tex
Package: pgfcore 2010/04/11 v3.0.0 (rcs-revision 1.7)
(/usr/local/texlive/2014/texmf-dist/tex/generic/pgf/math/pgfmath.code.tex
(/usr/local/texlive/2014/texmf-dist/tex/generic/pgf/math/pgfmathcalc.code.tex
(/usr/local/texlive/2014/texmf-dist/tex/generic/pgf/math/pgfmathutil.code.tex)
(/usr/local/texlive/2014/texmf-dist/tex/generic/pgf/math/pgfmathparser.code.tex
\pgfmath@dimen=\dimen160
\pgfmath@count=\count154
\pgfmath@box=\box30
\pgfmath@toks=\toks35
\pgfmath@stack@operand=\toks36
\pgfmath@stack@operation=\toks37
)
(/usr/local/texlive/2014/texmf-dist/tex/generic/pgf/math/pgfmathfunctions.code.
tex
(/usr/local/texlive/2014/texmf-dist/tex/generic/pgf/math/pgfmathfunctions.basic
.code.tex)
(/usr/local/texlive/2014/texmf-dist/tex/generic/pgf/math/pgfmathfunctions.trigo
nometric.code.tex)
(/usr/local/texlive/2014/texmf-dist/tex/generic/pgf/math/pgfmathfunctions.rando
m.code.tex)
(/usr/local/texlive/2014/texmf-dist/tex/generic/pgf/math/pgfmathfunctions.compa
rison.code.tex)
(/usr/local/texlive/2014/texmf-dist/tex/generic/pgf/math/pgfmathfunctions.base.
code.tex)
(/usr/local/texlive/2014/texmf-dist/tex/generic/pgf/math/pgfmathfunctions.round
.code.tex)
(/usr/local/texlive/2014/texmf-dist/tex/generic/pgf/math/pgfmathfunctions.misc.
code.tex)
(/usr/local/texlive/2014/texmf-dist/tex/generic/pgf/math/pgfmathfunctions.integ
erarithmetics.code.tex)))
(/usr/local/texlive/2014/texmf-dist/tex/generic/pgf/math/pgfmathfloat.code.tex
\c@pgfmathroundto@lastzeros=\count155
))
(/usr/local/texlive/2014/texmf-dist/tex/generic/pgf/basiclayer/pgfcorepoints.co
de.tex
File: pgfcorepoints.code.tex 2013/10/07  (rcs-revision 1.27)
\pgf@picminx=\dimen161
\pgf@picmaxx=\dimen162
\pgf@picminy=\dimen163
\pgf@picmaxy=\dimen164
\pgf@pathminx=\dimen165
\pgf@pathmaxx=\dimen166
\pgf@pathminy=\dimen167
\pgf@pathmaxy=\dimen168
\pgf@xx=\dimen169
\pgf@xy=\dimen170
\pgf@yx=\dimen171
\pgf@yy=\dimen172
\pgf@zx=\dimen173
\pgf@zy=\dimen174
)
(/usr/local/texlive/2014/texmf-dist/tex/generic/pgf/basiclayer/pgfcorepathconst
ruct.code.tex
File: pgfcorepathconstruct.code.tex 2013/10/07  (rcs-revision 1.29)
\pgf@path@lastx=\dimen175
\pgf@path@lasty=\dimen176
)
(/usr/local/texlive/2014/texmf-dist/tex/generic/pgf/basiclayer/pgfcorepathusage
.code.tex
File: pgfcorepathusage.code.tex 2013/12/13  (rcs-revision 1.23)
\pgf@shorten@end@additional=\dimen177
\pgf@shorten@start@additional=\dimen178
)
(/usr/local/texlive/2014/texmf-dist/tex/generic/pgf/basiclayer/pgfcorescopes.co
de.tex
File: pgfcorescopes.code.tex 2013/10/09  (rcs-revision 1.44)
\pgfpic=\box31
\pgf@hbox=\box32
\pgf@layerbox@main=\box33
\pgf@picture@serial@count=\count156
)
(/usr/local/texlive/2014/texmf-dist/tex/generic/pgf/basiclayer/pgfcoregraphicst
ate.code.tex
File: pgfcoregraphicstate.code.tex 2013/09/19  (rcs-revision 1.11)
\pgflinewidth=\dimen179
)
(/usr/local/texlive/2014/texmf-dist/tex/generic/pgf/basiclayer/pgfcoretransform
ations.code.tex
File: pgfcoretransformations.code.tex 2013/10/10  (rcs-revision 1.17)
\pgf@pt@x=\dimen180
\pgf@pt@y=\dimen181
\pgf@pt@temp=\dimen182
)
(/usr/local/texlive/2014/texmf-dist/tex/generic/pgf/basiclayer/pgfcorequick.cod
e.tex
File: pgfcorequick.code.tex 2008/10/09  (rcs-revision 1.3)
)
(/usr/local/texlive/2014/texmf-dist/tex/generic/pgf/basiclayer/pgfcoreobjects.c
ode.tex
File: pgfcoreobjects.code.tex 2006/10/11  (rcs-revision 1.2)
)
(/usr/local/texlive/2014/texmf-dist/tex/generic/pgf/basiclayer/pgfcorepathproce
ssing.code.tex
File: pgfcorepathprocessing.code.tex 2013/09/09  (rcs-revision 1.9)
)
(/usr/local/texlive/2014/texmf-dist/tex/generic/pgf/basiclayer/pgfcorearrows.co
de.tex
File: pgfcorearrows.code.tex 2013/11/07  (rcs-revision 1.40)
\pgfarrowsep=\dimen183
)
(/usr/local/texlive/2014/texmf-dist/tex/generic/pgf/basiclayer/pgfcoreshade.cod
e.tex
File: pgfcoreshade.code.tex 2013/07/15  (rcs-revision 1.15)
\pgf@max=\dimen184
\pgf@sys@shading@range@num=\count157
)
(/usr/local/texlive/2014/texmf-dist/tex/generic/pgf/basiclayer/pgfcoreimage.cod
e.tex
File: pgfcoreimage.code.tex 2013/07/15  (rcs-revision 1.18)

(/usr/local/texlive/2014/texmf-dist/tex/generic/pgf/basiclayer/pgfcoreexternal.
code.tex
File: pgfcoreexternal.code.tex 2013/07/15  (rcs-revision 1.20)
\pgfexternal@startupbox=\box34
))
(/usr/local/texlive/2014/texmf-dist/tex/generic/pgf/basiclayer/pgfcorelayers.co
de.tex
File: pgfcorelayers.code.tex 2013/07/18  (rcs-revision 1.7)
)
(/usr/local/texlive/2014/texmf-dist/tex/generic/pgf/basiclayer/pgfcoretranspare
ncy.code.tex
File: pgfcoretransparency.code.tex 2013/09/30  (rcs-revision 1.5)
)
(/usr/local/texlive/2014/texmf-dist/tex/generic/pgf/basiclayer/pgfcorepatterns.
code.tex
File: pgfcorepatterns.code.tex 2013/11/07  (rcs-revision 1.5)
)))
(/usr/local/texlive/2014/texmf-dist/tex/generic/pgf/modules/pgfmoduleshapes.cod
e.tex
File: pgfmoduleshapes.code.tex 2013/10/31  (rcs-revision 1.34)
\pgfnodeparttextbox=\box35
)
(/usr/local/texlive/2014/texmf-dist/tex/generic/pgf/modules/pgfmoduleplot.code.
tex
File: pgfmoduleplot.code.tex 2013/07/31  (rcs-revision 1.12)
)
(/usr/local/texlive/2014/texmf-dist/tex/latex/pgf/compatibility/pgfcomp-version
-0-65.sty
Package: pgfcomp-version-0-65 2007/07/03 v3.0.0 (rcs-revision 1.7)
\pgf@nodesepstart=\dimen185
\pgf@nodesepend=\dimen186
)
(/usr/local/texlive/2014/texmf-dist/tex/latex/pgf/compatibility/pgfcomp-version
-1-18.sty
Package: pgfcomp-version-1-18 2007/07/23 v3.0.0 (rcs-revision 1.1)
))
(/usr/local/texlive/2014/texmf-dist/tex/latex/pgf/utilities/pgffor.sty
(/usr/local/texlive/2014/texmf-dist/tex/latex/pgf/utilities/pgfkeys.sty
(/usr/local/texlive/2014/texmf-dist/tex/generic/pgf/utilities/pgfkeys.code.tex)
) (/usr/local/texlive/2014/texmf-dist/tex/latex/pgf/math/pgfmath.sty
(/usr/local/texlive/2014/texmf-dist/tex/generic/pgf/math/pgfmath.code.tex))
(/usr/local/texlive/2014/texmf-dist/tex/generic/pgf/utilities/pgffor.code.tex
Package: pgffor 2013/12/13 v3.0.0 (rcs-revision 1.25)

(/usr/local/texlive/2014/texmf-dist/tex/generic/pgf/math/pgfmath.code.tex)
\pgffor@iter=\dimen187
\pgffor@skip=\dimen188
\pgffor@stack=\toks38
\pgffor@toks=\toks39
))
(/usr/local/texlive/2014/texmf-dist/tex/generic/pgf/frontendlayer/tikz/tikz.cod
e.tex
Package: tikz 2013/12/13 v3.0.0 (rcs-revision 1.142)

(/usr/local/texlive/2014/texmf-dist/tex/generic/pgf/libraries/pgflibraryplothan
dlers.code.tex
File: pgflibraryplothandlers.code.tex 2013/08/31 v3.0.0 (rcs-revision 1.20)
\pgf@plot@mark@count=\count158
\pgfplotmarksize=\dimen189
)
\tikz@lastx=\dimen190
\tikz@lasty=\dimen191
\tikz@lastxsaved=\dimen192
\tikz@lastysaved=\dimen193
\tikzleveldistance=\dimen194
\tikzsiblingdistance=\dimen195
\tikz@figbox=\box36
\tikz@figbox@bg=\box37
\tikz@tempbox=\box38
\tikz@tempbox@bg=\box39
\tikztreelevel=\count159
\tikznumberofchildren=\count160
\tikznumberofcurrentchild=\count161
\tikz@fig@count=\count162

(/usr/local/texlive/2014/texmf-dist/tex/generic/pgf/modules/pgfmodulematrix.cod
e.tex
File: pgfmodulematrix.code.tex 2013/09/17  (rcs-revision 1.8)
\pgfmatrixcurrentrow=\count163
\pgfmatrixcurrentcolumn=\count164
\pgf@matrix@numberofcolumns=\count165
)
\tikz@expandcount=\count166

(/usr/local/texlive/2014/texmf-dist/tex/generic/pgf/frontendlayer/tikz/librarie
s/tikzlibrarytopaths.code.tex
File: tikzlibrarytopaths.code.tex 2008/06/17 v3.0.0 (rcs-revision 1.2)
)))
(/usr/local/texlive/2014/texmf-dist/tex/generic/pgf/frontendlayer/tikz/librarie
s/tikzlibrarypositioning.code.tex
File: tikzlibrarypositioning.code.tex 2008/10/06 v3.0.0 (rcs-revision 1.7)
)
(/usr/local/texlive/2014/texmf-dist/tex/latex/tools/calc.sty
Package: calc 2007/08/22 v4.3 Infix arithmetic (KKT,FJ)
\calc@Acount=\count167
\calc@Bcount=\count168
\calc@Adimen=\dimen196
\calc@Bdimen=\dimen197
\calc@Askip=\skip185
\calc@Bskip=\skip186
LaTeX Info: Redefining \setlength on input line 75.
LaTeX Info: Redefining \addtolength on input line 76.
\calc@Ccount=\count169
\calc@Cskip=\skip187
)
\c@@todonotes@numberoftodonotes=\count170
)
Package csquotes Info: Checking for multilingual support...
Package csquotes Info: ... found 'babel' package.
Package csquotes Info: Adjusting default style.
Package csquotes Info: Redefining alias 'default' -> 'english'.

(./Master_Thesis_Erik_AaltoV2.aux)
\openout1 = `Master_Thesis_Erik_AaltoV2.aux'.

LaTeX Font Info:    Checking defaults for OML/cmm/m/it on input line 18.
LaTeX Font Info:    ... okay on input line 18.
LaTeX Font Info:    Checking defaults for T1/cmr/m/n on input line 18.
LaTeX Font Info:    ... okay on input line 18.
LaTeX Font Info:    Checking defaults for OT1/cmr/m/n on input line 18.
LaTeX Font Info:    ... okay on input line 18.
LaTeX Font Info:    Checking defaults for OMS/cmsy/m/n on input line 18.
LaTeX Font Info:    ... okay on input line 18.
LaTeX Font Info:    Checking defaults for OMX/cmex/m/n on input line 18.
LaTeX Font Info:    ... okay on input line 18.
LaTeX Font Info:    Checking defaults for U/cmr/m/n on input line 18.
LaTeX Font Info:    ... okay on input line 18.
LaTeX Font Info:    Checking defaults for TS1/cmr/m/n on input line 18.
LaTeX Font Info:    Try loading font information for TS1+cmr on input line 18.

(/usr/local/texlive/2014/texmf-dist/tex/latex/base/ts1cmr.fd
File: ts1cmr.fd 1999/05/25 v2.5h Standard LaTeX font definitions
)
LaTeX Font Info:    ... okay on input line 18.
LaTeX Font Info:    Try loading font information for T1+lmr on input line 18.

(/usr/local/texlive/2014/texmf-dist/tex/latex/lm/t1lmr.fd
File: t1lmr.fd 2009/10/30 v1.6 Font defs for Latin Modern
)
(/usr/local/texlive/2014/texmf-dist/tex/context/base/supp-pdf.mkii
[Loading MPS to PDF converter (version 2006.09.02).]
\scratchcounter=\count171
\scratchdimen=\dimen198
\scratchbox=\box40
\nofMPsegments=\count172
\nofMParguments=\count173
\everyMPshowfont=\toks40
\MPscratchCnt=\count174
\MPscratchDim=\dimen199
\MPnumerator=\count175
\makeMPintoPDFobject=\count176
\everyMPtoPDFconversion=\toks41
) (/usr/local/texlive/2014/texmf-dist/tex/generic/oberdiek/pdftexcmds.sty
Package: pdftexcmds 2011/11/29 v0.20 Utility functions of pdfTeX for LuaTeX (HO
)
Package pdftexcmds Info: LuaTeX not detected.
Package pdftexcmds Info: \pdf@primitive is available.
Package pdftexcmds Info: \pdf@ifprimitive is available.
Package pdftexcmds Info: \pdfdraftmode found.
)
(/usr/local/texlive/2014/texmf-dist/tex/latex/oberdiek/epstopdf-base.sty
Package: epstopdf-base 2010/02/09 v2.5 Base part for package epstopdf

(/usr/local/texlive/2014/texmf-dist/tex/latex/oberdiek/grfext.sty
Package: grfext 2010/08/19 v1.1 Manage graphics extensions (HO)

(/usr/local/texlive/2014/texmf-dist/tex/generic/oberdiek/kvdefinekeys.sty
Package: kvdefinekeys 2011/04/07 v1.3 Define keys (HO)
))
(/usr/local/texlive/2014/texmf-dist/tex/latex/oberdiek/kvoptions.sty
Package: kvoptions 2011/06/30 v3.11 Key value format for package options (HO)

(/usr/local/texlive/2014/texmf-dist/tex/generic/oberdiek/kvsetkeys.sty
Package: kvsetkeys 2012/04/25 v1.16 Key value parser (HO)

(/usr/local/texlive/2014/texmf-dist/tex/generic/oberdiek/etexcmds.sty
Package: etexcmds 2011/02/16 v1.5 Avoid name clashes with e-TeX commands (HO)
Package etexcmds Info: Could not find \expanded.
(etexcmds)             That can mean that you are not using pdfTeX 1.50 or
(etexcmds)             that some package has redefined \expanded.
(etexcmds)             In the latter case, load this package earlier.
)))
Package grfext Info: Graphics extension search list:
(grfext)             [.png,.pdf,.jpg,.mps,.jpeg,.jbig2,.jb2,.PNG,.PDF,.JPG,.JPE
G,.JBIG2,.JB2,.eps]
(grfext)             \AppendGraphicsExtensions on input line 452.

(/usr/local/texlive/2014/texmf-dist/tex/latex/latexconfig/epstopdf-sys.cfg
File: epstopdf-sys.cfg 2010/07/13 v1.3 Configuration of (r)epstopdf for TeX Liv
e
))
ABD: EveryShipout initializing macros
LaTeX Font Info:    Try loading font information for T1+lmss on input line 22.

(/usr/local/texlive/2014/texmf-dist/tex/latex/lm/t1lmss.fd
File: t1lmss.fd 2009/10/30 v1.6 Font defs for Latin Modern
)
<kth_svv_comp_science_comm.pdf, id=4, 410.53375pt x 468.75125pt>
File: kth_svv_comp_science_comm.pdf Graphic file (type pdf)

<use kth_svv_comp_science_comm.pdf>
Package pdftex.def Info: kth_svv_comp_science_comm.pdf used on input line 22.
(pdftex.def)             Requested size: 410.53275pt x 468.75009pt.
 [1


{/usr/local/texlive/2014/texmf-var/fonts/map/pdftex/updmap/pdftex.map} <./kth_s
vv_comp_science_comm.pdf>] [2

]
LaTeX Font Info:    Try loading font information for OT1+lmr on input line 24.

(/usr/local/texlive/2014/texmf-dist/tex/latex/lm/ot1lmr.fd
File: ot1lmr.fd 2009/10/30 v1.6 Font defs for Latin Modern
)
LaTeX Font Info:    Try loading font information for OML+lmm on input line 24.

(/usr/local/texlive/2014/texmf-dist/tex/latex/lm/omllmm.fd
File: omllmm.fd 2009/10/30 v1.6 Font defs for Latin Modern
)
LaTeX Font Info:    Try loading font information for OMS+lmsy on input line 24.


(/usr/local/texlive/2014/texmf-dist/tex/latex/lm/omslmsy.fd
File: omslmsy.fd 2009/10/30 v1.6 Font defs for Latin Modern
)
LaTeX Font Info:    Try loading font information for OMX+lmex on input line 24.


(/usr/local/texlive/2014/texmf-dist/tex/latex/lm/omxlmex.fd
File: omxlmex.fd 2009/10/30 v1.6 Font defs for Latin Modern
)
LaTeX Font Info:    External font `lmex10' loaded for size
(Font)              <10.95> on input line 24.
LaTeX Font Info:    External font `lmex10' loaded for size
(Font)              <8> on input line 24.
LaTeX Font Info:    External font `lmex10' loaded for size
(Font)              <6> on input line 24.
 [3]
LaTeX Font Info:    External font `lmex10' loaded for size
(Font)              <10> on input line 32.
LaTeX Font Info:    External font `lmex10' loaded for size
(Font)              <7> on input line 32.
LaTeX Font Info:    External font `lmex10' loaded for size
(Font)              <5> on input line 32.
 [4

] [5

]
(./Master_Thesis_Erik_AaltoV2.toc
LaTeX Font Info:    External font `lmex10' loaded for size
(Font)              <12> on input line 11.
 [6

]) [7] [8

] [1

] [2] [3

] [4] [5

] [6] [7]
[8]
Overfull \hbox (0.83598pt too wide) in paragraph at lines 125--126
\T1/lmr/m/n/10.95 Earlier at-tempts of playlist gen-er-a-tion has been made by 
Mi-crosoft Re-search. Ragno,
 []

[9

] [10]
Underfull \vbox (badness 10000) has occurred while \output is active []

 [11

]
Overfull \hbox (42.03275pt too wide) detected at line 147
\OML/lmm/m/it/10.95 C \OMS/lmsy/m/n/10.95 2 \OML/lmm/m/it/10.95 R[]X \OMS/lmsy/
m/n/10.95 2 \OML/lmm/m/it/10.95 R[]C \OT1/lmr/m/n/10.95 = (\OML/lmm/m/it/10.95 
X \OMS/lmsy/m/n/10.95 ^^@ \OML/lmm/m/it/10.95 ^^V\OT1/lmr/m/n/10.95 )[](\OML/lm
m/m/it/10.95 X \OMS/lmsy/m/n/10.95 ^^@ \OML/lmm/m/it/10.95 ^^V\OT1/lmr/m/n/10.9
5 )\OML/lmm/m/it/10.95 argmin[][][] \OT1/lmr/m/n/10.95 = []
 []

<images/pca.png, id=87, 963.6pt x 542.025pt>
File: images/pca.png Graphic file (type png)
 <use images/pca.png>
Package pdftex.def Info: images/pca.png used on input line 159.
(pdftex.def)             Requested size: 404.70924pt x 227.64894pt.

Overfull \hbox (25.70924pt too wide) in paragraph at lines 159--160
[][] 
 []


Underfull \vbox (badness 10000) has occurred while \output is active []

 [12]
[13 <./images/pca.png (PNG copy)>] [14

] [15] [16

] [17] [18]
Underfull \hbox (badness 10000) in paragraph at lines 182--183

 []

[19

] <images/0removedPlistFeaturePlot.png, id=113, 597.23125pt x 586.19pt>
File: images/0removedPlistFeaturePlot.png Graphic file (type png)

<use images/0removedPlistFeaturePlot.png>
Package pdftex.def Info: images/0removedPlistFeaturePlot.png used on input line
 205.
(pdftex.def)             Requested size: 358.3415pt x 351.7167pt.

Underfull \vbox (badness 10000) has occurred while \output is active []

 [20]
[21 <./images/0removedPlistFeaturePlot.png>] [22] [23] [24]
<images/sum.png, id=132, 741.77126pt x 729.72626pt>
File: images/sum.png Graphic file (type png)
 <use images/sum.png>
Package pdftex.def Info: images/sum.png used on input line 241.
(pdftex.def)             Requested size: 445.0662pt x 437.83914pt.

Overfull \hbox (66.0662pt too wide) in paragraph at lines 241--242
[][] 
 []


Underfull \vbox (badness 10000) has occurred while \output is active []

 [25]
<images/absSum.png, id=136, 741.77126pt x 729.72626pt>
File: images/absSum.png Graphic file (type png)
 <use images/absSum.png>
Package pdftex.def Info: images/absSum.png used on input line 243.
(pdftex.def)             Requested size: 445.0662pt x 437.83914pt.

Overfull \hbox (66.0662pt too wide) in paragraph at lines 243--244
[][] 
 []


Underfull \vbox (badness 10000) has occurred while \output is active []

 [26 <./images/sum.png>] <images/sumAbs.png, id=141, 741.77126pt x 729.72626pt>
File: images/sumAbs.png Graphic file (type png)

<use images/sumAbs.png>
Package pdftex.def Info: images/sumAbs.png used on input line 245.
(pdftex.def)             Requested size: 445.0662pt x 437.83914pt.

Overfull \hbox (66.0662pt too wide) in paragraph at lines 245--246
[][] 
 []


Underfull \vbox (badness 10000) has occurred while \output is active []

 [27 <./images/absSum.png>]
Underfull \vbox (badness 10000) has occurred while \output is active []

 [28 <./images/sumAbs.png>] [29] [30

] [31] [32]
<images/sumAbsAgglHierClust-better.png, id=163, 741.77126pt x 729.72626pt>
File: images/sumAbsAgglHierClust-better.png Graphic file (type png)

<use images/sumAbsAgglHierClust-better.png>
Package pdftex.def Info: images/sumAbsAgglHierClust-better.png used on input li
ne 259.
(pdftex.def)             Requested size: 445.0662pt x 437.83914pt.

Overfull \hbox (66.0662pt too wide) in paragraph at lines 259--260
[][] 
 []


Underfull \vbox (badness 10000) has occurred while \output is active []

 [33

]
Underfull \vbox (badness 10000) has occurred while \output is active []

 [34 <./images/sumAbsAgglHierClust-better.png>]
</Users/eaalto/Desktop/Latex/Master_Thesis_Report/images/boxplots/pca_eucl_anno
y/precision10.png, id=171, 481.8pt x 481.8pt>
File: /Users/eaalto/Desktop/Latex/Master_Thesis_Report/images/boxplots/pca_eucl
_annoy/precision10.png Graphic file (type png)

<use /Users/eaalto/Desktop/Latex/Master_Thesis_Report/images/boxplots/pca_eucl_
annoy/precision10.png>
Package pdftex.def Info: /Users/eaalto/Desktop/Latex/Master_Thesis_Report/image
s/boxplots/pca_eucl_annoy/precision10.png used on input line 266.
(pdftex.def)             Requested size: 289.08221pt x 289.08221pt.

</Users/eaalto/Desktop/Latex/Master_Thesis_Report/images/boxplots/random_eucl_a
nnoy/precision10.png, id=172, 481.8pt x 481.8pt>
File: /Users/eaalto/Desktop/Latex/Master_Thesis_Report/images/boxplots/random_e
ucl_annoy/precision10.png Graphic file (type png)

<use /Users/eaalto/Desktop/Latex/Master_Thesis_Report/images/boxplots/random_eu
cl_annoy/precision10.png>
Package pdftex.def Info: /Users/eaalto/Desktop/Latex/Master_Thesis_Report/image
s/boxplots/random_eucl_annoy/precision10.png used on input line 269.
(pdftex.def)             Requested size: 289.08221pt x 289.08221pt.

Underfull \vbox (badness 10000) has occurred while \output is active []

 [35 </Users/eaalto/Desktop/Latex/Master_Thesis_Report/images/boxplots/pca_eucl
_annoy/precision10.png>]
</Users/eaalto/Desktop/Latex/Master_Thesis_Report/images/boxplots/pca_eucl_anno
y/precision20.png, id=178, 481.8pt x 481.8pt>
File: /Users/eaalto/Desktop/Latex/Master_Thesis_Report/images/boxplots/pca_eucl
_annoy/precision20.png Graphic file (type png)

<use /Users/eaalto/Desktop/Latex/Master_Thesis_Report/images/boxplots/pca_eucl_
annoy/precision20.png>
Package pdftex.def Info: /Users/eaalto/Desktop/Latex/Master_Thesis_Report/image
s/boxplots/pca_eucl_annoy/precision20.png used on input line 272.
(pdftex.def)             Requested size: 289.08221pt x 289.08221pt.

</Users/eaalto/Desktop/Latex/Master_Thesis_Report/images/boxplots/random_eucl_a
nnoy/precision20.png, id=179, 481.8pt x 481.8pt>
File: /Users/eaalto/Desktop/Latex/Master_Thesis_Report/images/boxplots/random_e
ucl_annoy/precision20.png Graphic file (type png)

<use /Users/eaalto/Desktop/Latex/Master_Thesis_Report/images/boxplots/random_eu
cl_annoy/precision20.png>
Package pdftex.def Info: /Users/eaalto/Desktop/Latex/Master_Thesis_Report/image
s/boxplots/random_eucl_annoy/precision20.png used on input line 275.
(pdftex.def)             Requested size: 289.08221pt x 289.08221pt.

Underfull \vbox (badness 10000) has occurred while \output is active []

 [36 </Users/eaalto/Desktop/Latex/Master_Thesis_Report/images/boxplots/random_e
ucl_annoy/precision10.png> </Users/eaalto/Desktop/Latex/Master_Thesis_Report/im
ages/boxplots/pca_eucl_annoy/precision20.png>]
</Users/eaalto/Desktop/Latex/Master_Thesis_Report/images/boxplots/pca_eucl_anno
y/precision30.png, id=185, 481.8pt x 481.8pt>
File: /Users/eaalto/Desktop/Latex/Master_Thesis_Report/images/boxplots/pca_eucl
_annoy/precision30.png Graphic file (type png)

<use /Users/eaalto/Desktop/Latex/Master_Thesis_Report/images/boxplots/pca_eucl_
annoy/precision30.png>
Package pdftex.def Info: /Users/eaalto/Desktop/Latex/Master_Thesis_Report/image
s/boxplots/pca_eucl_annoy/precision30.png used on input line 278.
(pdftex.def)             Requested size: 289.08221pt x 289.08221pt.

</Users/eaalto/Desktop/Latex/Master_Thesis_Report/images/boxplots/random_eucl_a
nnoy/precision30.png, id=186, 481.8pt x 481.8pt>
File: /Users/eaalto/Desktop/Latex/Master_Thesis_Report/images/boxplots/random_e
ucl_annoy/precision30.png Graphic file (type png)

<use /Users/eaalto/Desktop/Latex/Master_Thesis_Report/images/boxplots/random_eu
cl_annoy/precision30.png>
Package pdftex.def Info: /Users/eaalto/Desktop/Latex/Master_Thesis_Report/image
s/boxplots/random_eucl_annoy/precision30.png used on input line 281.
(pdftex.def)             Requested size: 289.08221pt x 289.08221pt.

Underfull \vbox (badness 10000) has occurred while \output is active []

 [37 </Users/eaalto/Desktop/Latex/Master_Thesis_Report/images/boxplots/random_e
ucl_annoy/precision20.png> </Users/eaalto/Desktop/Latex/Master_Thesis_Report/im
ages/boxplots/pca_eucl_annoy/precision30.png>]
</Users/eaalto/Desktop/Latex/Master_Thesis_Report/images/confRanks/confRankPlot
1.png, id=192, 481.8pt x 481.8pt>
File: /Users/eaalto/Desktop/Latex/Master_Thesis_Report/images/confRanks/confRan
kPlot1.png Graphic file (type png)

<use /Users/eaalto/Desktop/Latex/Master_Thesis_Report/images/confRanks/confRank
Plot1.png>
Package pdftex.def Info: /Users/eaalto/Desktop/Latex/Master_Thesis_Report/image
s/confRanks/confRankPlot1.png used on input line 291.
(pdftex.def)             Requested size: 289.08221pt x 289.08221pt.

Underfull \vbox (badness 10000) has occurred while \output is active []

 [38 </Users/eaalto/Desktop/Latex/Master_Thesis_Report/images/boxplots/random_e
ucl_annoy/precision30.png>]
</Users/eaalto/Desktop/Latex/Master_Thesis_Report/images/confRanks/confRankPlot
3.png, id=197, 481.8pt x 481.8pt>
File: /Users/eaalto/Desktop/Latex/Master_Thesis_Report/images/confRanks/confRan
kPlot3.png Graphic file (type png)

<use /Users/eaalto/Desktop/Latex/Master_Thesis_Report/images/confRanks/confRank
Plot3.png>
Package pdftex.def Info: /Users/eaalto/Desktop/Latex/Master_Thesis_Report/image
s/confRanks/confRankPlot3.png used on input line 294.
(pdftex.def)             Requested size: 289.08221pt x 289.08221pt.

</Users/eaalto/Desktop/Latex/Master_Thesis_Report/images/confRanks/confRankPlot
5.png, id=198, 481.8pt x 481.8pt>
File: /Users/eaalto/Desktop/Latex/Master_Thesis_Report/images/confRanks/confRan
kPlot5.png Graphic file (type png)

<use /Users/eaalto/Desktop/Latex/Master_Thesis_Report/images/confRanks/confRank
Plot5.png>
Package pdftex.def Info: /Users/eaalto/Desktop/Latex/Master_Thesis_Report/image
s/confRanks/confRankPlot5.png used on input line 297.
(pdftex.def)             Requested size: 289.08221pt x 289.08221pt.

Underfull \vbox (badness 10000) has occurred while \output is active []

 [39 </Users/eaalto/Desktop/Latex/Master_Thesis_Report/images/confRanks/confRan
kPlot1.png> </Users/eaalto/Desktop/Latex/Master_Thesis_Report/images/confRanks/
confRankPlot3.png>]
</Users/eaalto/Desktop/Latex/Master_Thesis_Report/images/confRanks/confRankPlot
10.png, id=204, 481.8pt x 481.8pt>
File: /Users/eaalto/Desktop/Latex/Master_Thesis_Report/images/confRanks/confRan
kPlot10.png Graphic file (type png)

<use /Users/eaalto/Desktop/Latex/Master_Thesis_Report/images/confRanks/confRank
Plot10.png>
Package pdftex.def Info: /Users/eaalto/Desktop/Latex/Master_Thesis_Report/image
s/confRanks/confRankPlot10.png used on input line 300.
(pdftex.def)             Requested size: 289.08221pt x 289.08221pt.

</Users/eaalto/Desktop/Latex/Master_Thesis_Report/images/confRanks/confRankPlot
20.png, id=205, 481.8pt x 481.8pt>
File: /Users/eaalto/Desktop/Latex/Master_Thesis_Report/images/confRanks/confRan
kPlot20.png Graphic file (type png)

<use /Users/eaalto/Desktop/Latex/Master_Thesis_Report/images/confRanks/confRank
Plot20.png>
Package pdftex.def Info: /Users/eaalto/Desktop/Latex/Master_Thesis_Report/image
s/confRanks/confRankPlot20.png used on input line 303.
(pdftex.def)             Requested size: 289.08221pt x 289.08221pt.

Underfull \vbox (badness 10000) has occurred while \output is active []

 [40 </Users/eaalto/Desktop/Latex/Master_Thesis_Report/images/confRanks/confRan
kPlot5.png> </Users/eaalto/Desktop/Latex/Master_Thesis_Report/images/confRanks/
confRankPlot10.png>]
</Users/eaalto/Desktop/Latex/Master_Thesis_Report/images/confRanks/confRankPlot
30.png, id=212, 481.8pt x 481.8pt>
File: /Users/eaalto/Desktop/Latex/Master_Thesis_Report/images/confRanks/confRan
kPlot30.png Graphic file (type png)

<use /Users/eaalto/Desktop/Latex/Master_Thesis_Report/images/confRanks/confRank
Plot30.png>
Package pdftex.def Info: /Users/eaalto/Desktop/Latex/Master_Thesis_Report/image
s/confRanks/confRankPlot30.png used on input line 306.
(pdftex.def)             Requested size: 289.08221pt x 289.08221pt.

</Users/eaalto/Desktop/Latex/Master_Thesis_Report/images/confRanks/confRankPlot
50.png, id=213, 481.8pt x 481.8pt>
File: /Users/eaalto/Desktop/Latex/Master_Thesis_Report/images/confRanks/confRan
kPlot50.png Graphic file (type png)

<use /Users/eaalto/Desktop/Latex/Master_Thesis_Report/images/confRanks/confRank
Plot50.png>
Package pdftex.def Info: /Users/eaalto/Desktop/Latex/Master_Thesis_Report/image
s/confRanks/confRankPlot50.png used on input line 309.
(pdftex.def)             Requested size: 289.08221pt x 289.08221pt.

Underfull \vbox (badness 10000) has occurred while \output is active []

 [41 </Users/eaalto/Desktop/Latex/Master_Thesis_Report/images/confRanks/confRan
kPlot20.png> </Users/eaalto/Desktop/Latex/Master_Thesis_Report/images/confRanks
/confRankPlot30.png>]
</Users/eaalto/Desktop/Latex/Master_Thesis_Report/images/qvalEvals/HipHop_Model
.png, id=220, 481.8pt x 481.8pt>
File: /Users/eaalto/Desktop/Latex/Master_Thesis_Report/images/qvalEvals/HipHop_
Model.png Graphic file (type png)

<use /Users/eaalto/Desktop/Latex/Master_Thesis_Report/images/qvalEvals/HipHop_M
odel.png>
Package pdftex.def Info: /Users/eaalto/Desktop/Latex/Master_Thesis_Report/image
s/qvalEvals/HipHop_Model.png used on input line 316.
(pdftex.def)             Requested size: 289.08221pt x 289.08221pt.
 [42 </Users/eaalto/Desktop/Latex/Master_Thesis_Report/images/confRanks/confRan
kPlot50.png>]
</Users/eaalto/Desktop/Latex/Master_Thesis_Report/images/qvalEvals/HipHop_Refer
ence.png, id=225, 481.8pt x 481.8pt>
File: /Users/eaalto/Desktop/Latex/Master_Thesis_Report/images/qvalEvals/HipHop_
Reference.png Graphic file (type png)

<use /Users/eaalto/Desktop/Latex/Master_Thesis_Report/images/qvalEvals/HipHop_R
eference.png>
Package pdftex.def Info: /Users/eaalto/Desktop/Latex/Master_Thesis_Report/image
s/qvalEvals/HipHop_Reference.png used on input line 318.
(pdftex.def)             Requested size: 289.08221pt x 289.08221pt.

</Users/eaalto/Desktop/Latex/Master_Thesis_Report/images/qvalEvals/Rock_Model.p
ng, id=226, 481.8pt x 481.8pt>
File: /Users/eaalto/Desktop/Latex/Master_Thesis_Report/images/qvalEvals/Rock_Mo
del.png Graphic file (type png)

<use /Users/eaalto/Desktop/Latex/Master_Thesis_Report/images/qvalEvals/Rock_Mod
el.png>
Package pdftex.def Info: /Users/eaalto/Desktop/Latex/Master_Thesis_Report/image
s/qvalEvals/Rock_Model.png used on input line 320.
(pdftex.def)             Requested size: 289.08221pt x 289.08221pt.

Underfull \vbox (badness 10000) has occurred while \output is active []

 [43 </Users/eaalto/Desktop/Latex/Master_Thesis_Report/images/qvalEvals/HipHop_
Model.png> </Users/eaalto/Desktop/Latex/Master_Thesis_Report/images/qvalEvals/H
ipHop_Reference.png>]
</Users/eaalto/Desktop/Latex/Master_Thesis_Report/images/qvalEvals/Rock_Referen
ce.png, id=232, 481.8pt x 481.8pt>
File: /Users/eaalto/Desktop/Latex/Master_Thesis_Report/images/qvalEvals/Rock_Re
ference.png Graphic file (type png)

<use /Users/eaalto/Desktop/Latex/Master_Thesis_Report/images/qvalEvals/Rock_Ref
erence.png>
Package pdftex.def Info: /Users/eaalto/Desktop/Latex/Master_Thesis_Report/image
s/qvalEvals/Rock_Reference.png used on input line 322.
(pdftex.def)             Requested size: 289.08221pt x 289.08221pt.

</Users/eaalto/Desktop/Latex/Master_Thesis_Report/images/qvalEvals/Metal_Model.
png, id=233, 481.8pt x 481.8pt>
File: /Users/eaalto/Desktop/Latex/Master_Thesis_Report/images/qvalEvals/Metal_M
odel.png Graphic file (type png)

<use /Users/eaalto/Desktop/Latex/Master_Thesis_Report/images/qvalEvals/Metal_Mo
del.png>
Package pdftex.def Info: /Users/eaalto/Desktop/Latex/Master_Thesis_Report/image
s/qvalEvals/Metal_Model.png used on input line 324.
(pdftex.def)             Requested size: 289.08221pt x 289.08221pt.

Underfull \vbox (badness 10000) has occurred while \output is active []

 [44 </Users/eaalto/Desktop/Latex/Master_Thesis_Report/images/qvalEvals/Rock_Mo
del.png> </Users/eaalto/Desktop/Latex/Master_Thesis_Report/images/qvalEvals/Roc
k_Reference.png>]
</Users/eaalto/Desktop/Latex/Master_Thesis_Report/images/qvalEvals/Metal_Refere
nce.png, id=239, 481.8pt x 481.8pt>
File: /Users/eaalto/Desktop/Latex/Master_Thesis_Report/images/qvalEvals/Metal_R
eference.png Graphic file (type png)

<use /Users/eaalto/Desktop/Latex/Master_Thesis_Report/images/qvalEvals/Metal_Re
ference.png>
Package pdftex.def Info: /Users/eaalto/Desktop/Latex/Master_Thesis_Report/image
s/qvalEvals/Metal_Reference.png used on input line 326.
(pdftex.def)             Requested size: 289.08221pt x 289.08221pt.

Underfull \vbox (badness 10000) has occurred while \output is active []

 [45 </Users/eaalto/Desktop/Latex/Master_Thesis_Report/images/qvalEvals/Metal_M
odel.png> </Users/eaalto/Desktop/Latex/Master_Thesis_Report/images/qvalEvals/Me
tal_Reference.png>] [46] [47

] (./Master_Thesis_Erik_AaltoV2.bbl [48]
bibitemlist
[49

]
LaTeX Font Info:    Try loading font information for T1+lmtt on input line 80.
 (/usr/local/texlive/2014/texmf-dist/tex/latex/lm/t1lmtt.fd
File: t1lmtt.fd 2009/10/30 v1.6 Font defs for Latin Modern
)) [50] [51

]
\tf@toc=\write5
\openout5 = `Master_Thesis_Erik_AaltoV2.toc'.


(./Master_Thesis_Erik_AaltoV2.aux) ) 
Here is how much of TeX's memory you used:
 17852 strings out of 493117
 333064 string characters out of 6135434
 398849 words of memory out of 5000000
 20939 multiletter control sequences out of 15000+600000
 92358 words of font info for 61 fonts, out of 8000000 for 9000
 1141 hyphenation exceptions out of 8191
 68i,13n,76p,2620b,925s stack positions out of 5000i,500n,10000p,200000b,80000s
{/usr/local/texlive/2014/texmf-dist/fonts/e
nc/dvips/lm/lm-ec.enc}{/usr/local/texlive/2014/texmf-dist/fonts/enc/dvips/lm/lm
-mathex.enc}{/usr/local/texlive/2014/texmf-dist/fonts/enc/dvips/lm/lm-mathsy.en
c}{/usr/local/texlive/2014/texmf-dist/fonts/enc/dvips/lm/lm-mathit.enc}{/usr/lo
cal/texlive/2014/texmf-dist/fonts/enc/dvips/lm/lm-rm.enc}</usr/local/texlive/20
14/texmf-dist/fonts/type1/public/lm/lmbx10.pfb></usr/local/texlive/2014/texmf-d
ist/fonts/type1/public/lm/lmbx12.pfb></usr/local/texlive/2014/texmf-dist/fonts/
type1/public/lm/lmbx9.pfb></usr/local/texlive/2014/texmf-dist/fonts/type1/publi
c/lm/lmex10.pfb></usr/local/texlive/2014/texmf-dist/fonts/type1/public/lm/lmmi1
0.pfb></usr/local/texlive/2014/texmf-dist/fonts/type1/public/lm/lmmi8.pfb></usr
/local/texlive/2014/texmf-dist/fonts/type1/public/lm/lmr10.pfb></usr/local/texl
ive/2014/texmf-dist/fonts/type1/public/lm/lmr7.pfb></usr/local/texlive/2014/tex
mf-dist/fonts/type1/public/lm/lmr8.pfb></usr/local/texlive/2014/texmf-dist/font
s/type1/public/lm/lmri10.pfb></usr/local/texlive/2014/texmf-dist/fonts/type1/pu
blic/lm/lmss10.pfb></usr/local/texlive/2014/texmf-dist/fonts/type1/public/lm/lm
ss12.pfb></usr/local/texlive/2014/texmf-dist/fonts/type1/public/lm/lmssbx10.pfb
></usr/local/texlive/2014/texmf-dist/fonts/type1/public/lm/lmssdc10.pfb></usr/l
ocal/texlive/2014/texmf-dist/fonts/type1/public/lm/lmsy10.pfb></usr/local/texli
ve/2014/texmf-dist/fonts/type1/public/lm/lmsy6.pfb></usr/local/texlive/2014/tex
mf-dist/fonts/type1/public/lm/lmtt10.pfb>
Output written on Master_Thesis_Erik_AaltoV2.pdf (59 pages, 1379781 bytes).
PDF statistics:
 328 PDF objects out of 1000 (max. 8388607)
 198 compressed objects within 2 object streams
 0 named destinations out of 1000 (max. 500000)
 143 words of extra memory for PDF output out of 10000 (max. 10000000)

